Using pre-set license
Built from '2020.2/release' branch; Version is '2020.2.2f1 (068178b99f32) revision 426360'; Using compiler version '192528614'; Build Type 'Release'
OS: 'Windows 10 Home; OS build 18363.1379; Version 1909; 64bit' Language: 'en' Physical Memory: 8119 MB
BatchMode: 1, IsHumanControllingUs: 0, StartBugReporterOnCrash: 0, Is64bit: 1, IsPro: 0

 COMMAND LINE ARGUMENTS:
C:\Program Files\Unity\Hub\Editor\2020.2.2f1\Editor\Unity.exe
-adb2
-batchMode
-noUpm
-name
AssetImportWorker1
-projectPath
C:/Users/sjacu/Documents/GitHub/4410GP/TowerWars
-logFile
Logs/AssetImportWorker1.log
-srvPort
64059
Successfully changed project path to: C:/Users/sjacu/Documents/GitHub/4410GP/TowerWars
C:/Users/sjacu/Documents/GitHub/4410GP/TowerWars
Using Asset Import Pipeline V2.
Refreshing native plugins compatible for Editor in 55.08 ms, found 1 plugins.
Preloading 0 native plugins for Editor in 0.00 ms.
Initialize engine version: 2020.2.2f1 (068178b99f32)
[Subsystems] Discovering subsystems at path C:/Program Files/Unity/Hub/Editor/2020.2.2f1/Editor/Data/Resources/UnitySubsystems
[Subsystems] Discovering subsystems at path C:/Users/sjacu/Documents/GitHub/4410GP/TowerWars/Assets
GfxDevice: creating device client; threaded=0
Direct3D:
    Version:  Direct3D 11.0 [level 11.1]
    Renderer: Radeon RX 580 Series (ID=0x67df)
    Vendor:   
    VRAM:     4075 MB
    Driver:   27.20.14501.18003
Initialize mono
Mono path[0] = 'C:/Program Files/Unity/Hub/Editor/2020.2.2f1/Editor/Data/Managed'
Mono path[1] = 'C:/Program Files/Unity/Hub/Editor/2020.2.2f1/Editor/Data/MonoBleedingEdge/lib/mono/unityjit'
Mono config path = 'C:/Program Files/Unity/Hub/Editor/2020.2.2f1/Editor/Data/MonoBleedingEdge/etc'
Using monoOptions --debugger-agent=transport=dt_socket,embedding=1,server=y,suspend=n,address=127.0.0.1:56144
Begin MonoManager ReloadAssembly
Registering precompiled unity dll's ...
Register platform support module: C:/Program Files/Unity/Hub/Editor/2020.2.2f1/Editor/Data/PlaybackEngines/MacStandaloneSupport/UnityEditor.OSXStandalone.Extensions.dll
Register platform support module: C:/Program Files/Unity/Hub/Editor/2020.2.2f1/Editor/Data/PlaybackEngines/WindowsStandaloneSupport/UnityEditor.WindowsStandalone.Extensions.dll
Register platform support module: C:/Program Files/Unity/Hub/Editor/2020.2.2f1/Editor/Data/PlaybackEngines/LinuxStandaloneSupport/UnityEditor.LinuxStandalone.Extensions.dll
Registered in 0.005998 seconds.
Native extension for LinuxStandalone target not found
Native extension for WindowsStandalone target not found
Native extension for OSXStandalone target not found
Refreshing native plugins compatible for Editor in 48.55 ms, found 1 plugins.
Preloading 0 native plugins for Editor in 0.00 ms.
Invoked RoslynAnalysisRunner static constructor.
RoslynAnalysisRunner will not be running.
RoslynAnalysisRunner has terminated.
Mono: successfully reloaded assembly
- Completed reload, in  3.713 seconds
Platform modules already initialized, skipping
Registering precompiled user dll's ...
Registered in 0.001671 seconds.
Begin MonoManager ReloadAssembly
Native extension for LinuxStandalone target not found
Native extension for WindowsStandalone target not found
Native extension for OSXStandalone target not found
Refreshing native plugins compatible for Editor in 68.35 ms, found 1 plugins.
Preloading 0 native plugins for Editor in 0.00 ms.
Invoked RoslynAnalysisRunner static constructor.
RoslynAnalysisRunner will not be running.
RoslynAnalysisRunner has terminated.
Mono: successfully reloaded assembly
- Completed reload, in  1.596 seconds
Platform modules already initialized, skipping
========================================================================
Worker process is ready to serve import requests
Launched and connected shader compiler UnityShaderCompiler.exe after 0.25 seconds
Refreshing native plugins compatible for Editor in 0.54 ms, found 1 plugins.
Preloading 0 native plugins for Editor in 0.00 ms.
Unloading 1795 Unused Serialized files (Serialized files now loaded: 0)
System memory in use before: 84.3 MB.
System memory in use after: 84.2 MB.

Unloading 24 unused Assets to reduce memory usage. Loaded Objects now: 2237.
Total: 4.092800 ms (FindLiveObjects: 0.675300 ms CreateObjectMapping: 0.073900 ms MarkObjects: 3.148300 ms  DeleteObjects: 0.187100 ms)

========================================================================
Received Import Request.
  path: Assets/prefabs/SimpleEnemy.prefab
  artifactKey: Guid(1f253778defa8074ba10b326c5246748) Importer(815301076,1909f56bfc062723c751e8b465ee728b)
Start importing Assets/prefabs/SimpleEnemy.prefab using Guid(1f253778defa8074ba10b326c5246748) Importer(815301076,1909f56bfc062723c751e8b465ee728b)  -> (artifact id: '8c73a452c18729068cf18e76cbcaf216') in 0.648937 seconds
  Import took 0.659033 seconds .

========================================================================
Received Import Request.
  Time since last request: 97.515637 seconds.
  path: Assets/sprites/Tank.png
  artifactKey: Guid(d79ccbbdcc6f1b544bb13bdb49ce56dc) Importer(815301076,1909f56bfc062723c751e8b465ee728b)
Start importing Assets/sprites/Tank.png using Guid(d79ccbbdcc6f1b544bb13bdb49ce56dc) Importer(815301076,1909f56bfc062723c751e8b465ee728b)  -> (artifact id: 'f9dcaa89e518d6432b916472618e7672') in 0.246333 seconds
  Import took 0.250401 seconds .

========================================================================
Received Import Request.
  Time since last request: 143.864959 seconds.
  path: Assets/sprites/Tank.png
  artifactKey: Guid(d79ccbbdcc6f1b544bb13bdb49ce56dc) Importer(815301076,1909f56bfc062723c751e8b465ee728b)
Start importing Assets/sprites/Tank.png using Guid(d79ccbbdcc6f1b544bb13bdb49ce56dc) Importer(815301076,1909f56bfc062723c751e8b465ee728b)  -> (artifact id: 'b5b57a54f006ddf8be3e63d3ab3c397f') in 0.019491 seconds
  Import took 0.024844 seconds .

========================================================================
Received Import Request.
  Time since last request: 28.072762 seconds.
  path: Assets/sprites/Tank.png
  artifactKey: Guid(d79ccbbdcc6f1b544bb13bdb49ce56dc) Importer(815301076,1909f56bfc062723c751e8b465ee728b)
Start importing Assets/sprites/Tank.png using Guid(d79ccbbdcc6f1b544bb13bdb49ce56dc) Importer(815301076,1909f56bfc062723c751e8b465ee728b)  -> (artifact id: '05658ad41028e7f31d47c1d15ad58e1a') in 0.018455 seconds
  Import took 0.027084 seconds .

AssetImportWorkerClient::OnTransportError - code=2 error=End of file
