Using pre-set license
Built from '2020.2/release' branch; Version is '2020.2.2f1 (068178b99f32) revision 426360'; Using compiler version '192528614'; Build Type 'Release'
OS: 'Windows 10 Home; OS build 18363.1379; Version 1909; 64bit' Language: 'en' Physical Memory: 8119 MB
BatchMode: 1, IsHumanControllingUs: 0, StartBugReporterOnCrash: 0, Is64bit: 1, IsPro: 0

 COMMAND LINE ARGUMENTS:
C:\Program Files\Unity\Hub\Editor\2020.2.2f1\Editor\Unity.exe
-adb2
-batchMode
-noUpm
-name
AssetImportWorker0
-projectPath
C:/Users/sjacu/Documents/GitHub/4410GP/TowerWars
-logFile
Logs/AssetImportWorker0.log
-srvPort
59203
Successfully changed project path to: C:/Users/sjacu/Documents/GitHub/4410GP/TowerWars
C:/Users/sjacu/Documents/GitHub/4410GP/TowerWars
Using Asset Import Pipeline V2.
Refreshing native plugins compatible for Editor in 78.69 ms, found 1 plugins.
Preloading 0 native plugins for Editor in 0.00 ms.
Initialize engine version: 2020.2.2f1 (068178b99f32)
[Subsystems] Discovering subsystems at path C:/Program Files/Unity/Hub/Editor/2020.2.2f1/Editor/Data/Resources/UnitySubsystems
[Subsystems] Discovering subsystems at path C:/Users/sjacu/Documents/GitHub/4410GP/TowerWars/Assets
GfxDevice: creating device client; threaded=0
Direct3D:
    Version:  Direct3D 11.0 [level 11.1]
    Renderer: Radeon RX 580 Series (ID=0x67df)
    Vendor:   
    VRAM:     4075 MB
    Driver:   27.20.14501.18003
Initialize mono
Mono path[0] = 'C:/Program Files/Unity/Hub/Editor/2020.2.2f1/Editor/Data/Managed'
Mono path[1] = 'C:/Program Files/Unity/Hub/Editor/2020.2.2f1/Editor/Data/MonoBleedingEdge/lib/mono/unityjit'
Mono config path = 'C:/Program Files/Unity/Hub/Editor/2020.2.2f1/Editor/Data/MonoBleedingEdge/etc'
Using monoOptions --debugger-agent=transport=dt_socket,embedding=1,server=y,suspend=n,address=127.0.0.1:56196
Begin MonoManager ReloadAssembly
Registering precompiled unity dll's ...
Register platform support module: C:/Program Files/Unity/Hub/Editor/2020.2.2f1/Editor/Data/PlaybackEngines/MacStandaloneSupport/UnityEditor.OSXStandalone.Extensions.dll
Register platform support module: C:/Program Files/Unity/Hub/Editor/2020.2.2f1/Editor/Data/PlaybackEngines/WindowsStandaloneSupport/UnityEditor.WindowsStandalone.Extensions.dll
Register platform support module: C:/Program Files/Unity/Hub/Editor/2020.2.2f1/Editor/Data/PlaybackEngines/LinuxStandaloneSupport/UnityEditor.LinuxStandalone.Extensions.dll
Registered in 0.004920 seconds.
Native extension for LinuxStandalone target not found
Native extension for WindowsStandalone target not found
Native extension for OSXStandalone target not found
Refreshing native plugins compatible for Editor in 56.63 ms, found 1 plugins.
Preloading 0 native plugins for Editor in 0.00 ms.
Invoked RoslynAnalysisRunner static constructor.
RoslynAnalysisRunner will not be running.
RoslynAnalysisRunner has terminated.
Mono: successfully reloaded assembly
- Completed reload, in  3.466 seconds
Platform modules already initialized, skipping
Registering precompiled user dll's ...
Registered in 0.001587 seconds.
Begin MonoManager ReloadAssembly
Native extension for LinuxStandalone target not found
Native extension for WindowsStandalone target not found
Native extension for OSXStandalone target not found
Refreshing native plugins compatible for Editor in 59.80 ms, found 1 plugins.
Preloading 0 native plugins for Editor in 0.00 ms.
Invoked RoslynAnalysisRunner static constructor.
RoslynAnalysisRunner will not be running.
RoslynAnalysisRunner has terminated.
Mono: successfully reloaded assembly
- Completed reload, in  1.477 seconds
Platform modules already initialized, skipping
========================================================================
Worker process is ready to serve import requests
Launched and connected shader compiler UnityShaderCompiler.exe after 0.10 seconds
Refreshing native plugins compatible for Editor in 0.70 ms, found 1 plugins.
Preloading 0 native plugins for Editor in 0.00 ms.
Unloading 1792 Unused Serialized files (Serialized files now loaded: 0)
System memory in use before: 84.2 MB.
System memory in use after: 84.2 MB.

Unloading 24 unused Assets to reduce memory usage. Loaded Objects now: 2233.
Total: 3.505300 ms (FindLiveObjects: 0.437100 ms CreateObjectMapping: 0.216500 ms MarkObjects: 2.620400 ms  DeleteObjects: 0.228900 ms)

========================================================================
Received Import Request.
  path: Assets
  artifactKey: Guid(00000000000000001000000000000000) Importer(815301076,1909f56bfc062723c751e8b465ee728b)
Start importing Assets using Guid(00000000000000001000000000000000) Importer(815301076,1909f56bfc062723c751e8b465ee728b)  -> (artifact id: '4a6e520b92ccfc61bcfa21a7bcab8468') in 0.094438 seconds
  Import took 0.098936 seconds .

========================================================================
Received Import Request.
  Time since last request: 4.112714 seconds.
  path: Assets/Drafts
  artifactKey: Guid(80a95b0ae9072b640b738bd094201dcc) Importer(815301076,1909f56bfc062723c751e8b465ee728b)
Start importing Assets/Drafts using Guid(80a95b0ae9072b640b738bd094201dcc) Importer(815301076,1909f56bfc062723c751e8b465ee728b)  -> (artifact id: '586062df6e545946f0fd32269c278ce2') in 0.007612 seconds
  Import took 0.014373 seconds .

========================================================================
Received Import Request.
  Time since last request: 15.203961 seconds.
  path: Assets/sprites
  artifactKey: Guid(92055f109d20659469caa3c07ef1a937) Importer(815301076,1909f56bfc062723c751e8b465ee728b)
Start importing Assets/sprites using Guid(92055f109d20659469caa3c07ef1a937) Importer(815301076,1909f56bfc062723c751e8b465ee728b)  -> (artifact id: '23a874bfeb256ad910db9c3ab1c2ce78') in 0.007748 seconds
  Import took 0.013581 seconds .

========================================================================
Received Import Request.
  Time since last request: 30.459132 seconds.
  path: Assets/sprites/square.png
  artifactKey: Guid(6ccc7d9c0fb7df74a92178ae24a66182) Importer(815301076,1909f56bfc062723c751e8b465ee728b)
Start importing Assets/sprites/square.png using Guid(6ccc7d9c0fb7df74a92178ae24a66182) Importer(815301076,1909f56bfc062723c751e8b465ee728b)  -> (artifact id: 'a61065261724df0edcb301ea62ddfc11') in 0.412316 seconds
  Import took 0.416499 seconds .

========================================================================
Received Import Request.
  Time since last request: 121.765786 seconds.
  path: Assets/Images
  artifactKey: Guid(d6ac73d97e4187447b2895e4e0645697) Importer(815301076,1909f56bfc062723c751e8b465ee728b)
Start importing Assets/Images using Guid(d6ac73d97e4187447b2895e4e0645697) Importer(815301076,1909f56bfc062723c751e8b465ee728b)  -> (artifact id: 'f54b88f61c43875ddc3c32e39f39f681') in 0.005320 seconds
  Import took 0.010391 seconds .

========================================================================
Received Import Request.
  Time since last request: 896.804420 seconds.
  path: Assets/Images/Digi-Top.png
  artifactKey: Guid(e2f69a9bb72eaa74fbc0f666c8957dc1) Importer(815301076,1909f56bfc062723c751e8b465ee728b)
Start importing Assets/Images/Digi-Top.png using Guid(e2f69a9bb72eaa74fbc0f666c8957dc1) Importer(815301076,1909f56bfc062723c751e8b465ee728b)  -> (artifact id: '1a7725d6f5bd42f518920d7165556fb0') in 0.020193 seconds
  Import took 0.024551 seconds .

========================================================================
Received Import Request.
  Time since last request: 362.678796 seconds.
  path: Assets/Images/Digi-Top.png
  artifactKey: Guid(e2f69a9bb72eaa74fbc0f666c8957dc1) Importer(815301076,1909f56bfc062723c751e8b465ee728b)
Start importing Assets/Images/Digi-Top.png using Guid(e2f69a9bb72eaa74fbc0f666c8957dc1) Importer(815301076,1909f56bfc062723c751e8b465ee728b)  -> (artifact id: '13a4ddc8c02bd276007737eeef707849') in 0.077873 seconds
  Import took 0.159936 seconds .

========================================================================
Received Import Request.
  Time since last request: 307.774870 seconds.
  path: Assets/NewBehaviourScript.cs
  artifactKey: Guid(2493e99c412b60040a47f15252acc8cb) Importer(815301076,1909f56bfc062723c751e8b465ee728b)
Start importing Assets/NewBehaviourScript.cs using Guid(2493e99c412b60040a47f15252acc8cb) Importer(815301076,1909f56bfc062723c751e8b465ee728b)  -> (artifact id: '08fac346acf5bffc15b77162d096ffd1') in 0.026064 seconds
  Import took 0.049061 seconds .

========================================================================
Received Prepare
Registering precompiled user dll's ...
Registered in 0.001551 seconds.
Begin MonoManager ReloadAssembly
Native extension for LinuxStandalone target not found
Native extension for WindowsStandalone target not found
Native extension for OSXStandalone target not found
Refreshing native plugins compatible for Editor in 0.47 ms, found 1 plugins.
Preloading 0 native plugins for Editor in 0.00 ms.
Invoked RoslynAnalysisRunner static constructor.
RoslynAnalysisRunner will not be running.
RoslynAnalysisRunner has terminated.
Mono: successfully reloaded assembly
- Completed reload, in  1.400 seconds
Platform modules already initialized, skipping
Refreshing native plugins compatible for Editor in 0.52 ms, found 1 plugins.
Preloading 0 native plugins for Editor in 0.00 ms.
Unloading 1788 Unused Serialized files (Serialized files now loaded: 0)
System memory in use before: 87.3 MB.
System memory in use after: 87.3 MB.

Unloading 12 unused Assets to reduce memory usage. Loaded Objects now: 2245.
Total: 4.352700 ms (FindLiveObjects: 0.368100 ms CreateObjectMapping: 0.069700 ms MarkObjects: 3.611700 ms  DeleteObjects: 0.299700 ms)

========================================================================
Received Import Request.
  Time since last request: 12.876122 seconds.
  path: Assets/Scripts
  artifactKey: Guid(e19a57e1c8181be4691e0ace05a082b3) Importer(815301076,1909f56bfc062723c751e8b465ee728b)
Start importing Assets/Scripts using Guid(e19a57e1c8181be4691e0ace05a082b3) Importer(815301076,1909f56bfc062723c751e8b465ee728b)  -> (artifact id: '977c2a92717a208d579f8191edae2d5f') in 0.008894 seconds
  Import took 0.032417 seconds .

========================================================================
Received Prepare
Registering precompiled user dll's ...
Registered in 0.001672 seconds.
Begin MonoManager ReloadAssembly
Native extension for LinuxStandalone target not found
Native extension for WindowsStandalone target not found
Native extension for OSXStandalone target not found
Refreshing native plugins compatible for Editor in 0.58 ms, found 1 plugins.
Preloading 0 native plugins for Editor in 0.00 ms.
Invoked RoslynAnalysisRunner static constructor.
RoslynAnalysisRunner will not be running.
RoslynAnalysisRunner has terminated.
Mono: successfully reloaded assembly
- Completed reload, in  1.556 seconds
Platform modules already initialized, skipping
Refreshing native plugins compatible for Editor in 0.48 ms, found 1 plugins.
Preloading 0 native plugins for Editor in 0.00 ms.
Unloading 1788 Unused Serialized files (Serialized files now loaded: 0)
System memory in use before: 87.4 MB.
System memory in use after: 87.4 MB.

Unloading 12 unused Assets to reduce memory usage. Loaded Objects now: 2248.
Total: 3.079800 ms (FindLiveObjects: 0.351200 ms CreateObjectMapping: 0.114600 ms MarkObjects: 2.467000 ms  DeleteObjects: 0.144100 ms)

========================================================================
Received Prepare
Registering precompiled user dll's ...
Registered in 0.004701 seconds.
Begin MonoManager ReloadAssembly
Native extension for LinuxStandalone target not found
Native extension for WindowsStandalone target not found
Native extension for OSXStandalone target not found
Refreshing native plugins compatible for Editor in 0.71 ms, found 1 plugins.
Preloading 0 native plugins for Editor in 0.00 ms.
Invoked RoslynAnalysisRunner static constructor.
RoslynAnalysisRunner will not be running.
RoslynAnalysisRunner has terminated.
Mono: successfully reloaded assembly
- Completed reload, in  1.553 seconds
Platform modules already initialized, skipping
Script is not up to date after domain reload: guid(a702f72bccfed72429524e3a0023d522) path("Assets/Scripts/GameController.cs") state(2)
Refreshing native plugins compatible for Editor in 0.46 ms, found 1 plugins.
Preloading 0 native plugins for Editor in 0.00 ms.
Unloading 1787 Unused Serialized files (Serialized files now loaded: 0)
System memory in use before: 87.5 MB.
System memory in use after: 87.5 MB.

Unloading 13 unused Assets to reduce memory usage. Loaded Objects now: 2250.
Total: 3.965200 ms (FindLiveObjects: 0.505800 ms CreateObjectMapping: 0.140200 ms MarkObjects: 3.162000 ms  DeleteObjects: 0.153900 ms)

========================================================================
Received Prepare
Registering precompiled user dll's ...
Registered in 0.002319 seconds.
Begin MonoManager ReloadAssembly
Native extension for LinuxStandalone target not found
Native extension for WindowsStandalone target not found
Native extension for OSXStandalone target not found
Refreshing native plugins compatible for Editor in 0.45 ms, found 1 plugins.
Preloading 0 native plugins for Editor in 0.00 ms.
Invoked RoslynAnalysisRunner static constructor.
RoslynAnalysisRunner will not be running.
RoslynAnalysisRunner has terminated.
Mono: successfully reloaded assembly
- Completed reload, in  1.319 seconds
Platform modules already initialized, skipping
Refreshing native plugins compatible for Editor in 0.45 ms, found 1 plugins.
Preloading 0 native plugins for Editor in 0.00 ms.
Unloading 1788 Unused Serialized files (Serialized files now loaded: 0)
System memory in use before: 87.6 MB.
System memory in use after: 87.6 MB.

Unloading 12 unused Assets to reduce memory usage. Loaded Objects now: 2254.
Total: 3.625300 ms (FindLiveObjects: 0.431000 ms CreateObjectMapping: 0.133400 ms MarkObjects: 2.909700 ms  DeleteObjects: 0.149500 ms)

========================================================================
Received Import Request.
  Time since last request: 223.571258 seconds.
  path: Assets/sprites/SimpleEnemy.png
  artifactKey: Guid(0fba76ed41b9ee740a27dfd7e3698868) Importer(815301076,1909f56bfc062723c751e8b465ee728b)
Start importing Assets/sprites/SimpleEnemy.png using Guid(0fba76ed41b9ee740a27dfd7e3698868) Importer(815301076,1909f56bfc062723c751e8b465ee728b)  -> (artifact id: 'e90f4d6562e7ee4eb7b1dca4641c5fd8') in 0.129384 seconds
  Import took 0.154971 seconds .

========================================================================
Received Prepare
Registering precompiled user dll's ...
Registered in 0.001716 seconds.
Begin MonoManager ReloadAssembly
Native extension for LinuxStandalone target not found
Native extension for WindowsStandalone target not found
Native extension for OSXStandalone target not found
Refreshing native plugins compatible for Editor in 0.59 ms, found 1 plugins.
Preloading 0 native plugins for Editor in 0.00 ms.
Invoked RoslynAnalysisRunner static constructor.
RoslynAnalysisRunner will not be running.
RoslynAnalysisRunner has terminated.
Mono: successfully reloaded assembly
- Completed reload, in  1.347 seconds
Platform modules already initialized, skipping
Refreshing native plugins compatible for Editor in 0.81 ms, found 1 plugins.
Preloading 0 native plugins for Editor in 0.00 ms.
Unloading 1788 Unused Serialized files (Serialized files now loaded: 0)
System memory in use before: 87.7 MB.
System memory in use after: 87.7 MB.

Unloading 12 unused Assets to reduce memory usage. Loaded Objects now: 2260.
Total: 4.007700 ms (FindLiveObjects: 0.405900 ms CreateObjectMapping: 0.059300 ms MarkObjects: 3.370800 ms  DeleteObjects: 0.168800 ms)

========================================================================
Received Prepare
Registering precompiled user dll's ...
Registered in 0.002167 seconds.
Begin MonoManager ReloadAssembly
Native extension for LinuxStandalone target not found
Native extension for WindowsStandalone target not found
Native extension for OSXStandalone target not found
Refreshing native plugins compatible for Editor in 0.46 ms, found 1 plugins.
Preloading 0 native plugins for Editor in 0.00 ms.
Invoked RoslynAnalysisRunner static constructor.
RoslynAnalysisRunner will not be running.
RoslynAnalysisRunner has terminated.
Mono: successfully reloaded assembly
- Completed reload, in  1.315 seconds
Platform modules already initialized, skipping
Refreshing native plugins compatible for Editor in 0.44 ms, found 1 plugins.
Preloading 0 native plugins for Editor in 0.00 ms.
Unloading 1788 Unused Serialized files (Serialized files now loaded: 0)
System memory in use before: 87.7 MB.
System memory in use after: 87.7 MB.

Unloading 12 unused Assets to reduce memory usage. Loaded Objects now: 2263.
Total: 2.688500 ms (FindLiveObjects: 0.294900 ms CreateObjectMapping: 0.054100 ms MarkObjects: 2.201800 ms  DeleteObjects: 0.136200 ms)

========================================================================
Received Prepare
Registering precompiled user dll's ...
Registered in 0.001644 seconds.
Begin MonoManager ReloadAssembly
Native extension for LinuxStandalone target not found
Native extension for WindowsStandalone target not found
Native extension for OSXStandalone target not found
Refreshing native plugins compatible for Editor in 0.78 ms, found 1 plugins.
Preloading 0 native plugins for Editor in 0.00 ms.
Invoked RoslynAnalysisRunner static constructor.
RoslynAnalysisRunner will not be running.
RoslynAnalysisRunner has terminated.
Mono: successfully reloaded assembly
- Completed reload, in  1.387 seconds
Platform modules already initialized, skipping
Refreshing native plugins compatible for Editor in 0.73 ms, found 1 plugins.
Preloading 0 native plugins for Editor in 0.00 ms.
Unloading 1788 Unused Serialized files (Serialized files now loaded: 0)
System memory in use before: 87.8 MB.
System memory in use after: 87.8 MB.

Unloading 12 unused Assets to reduce memory usage. Loaded Objects now: 2266.
Total: 4.733700 ms (FindLiveObjects: 0.382500 ms CreateObjectMapping: 0.066800 ms MarkObjects: 3.959500 ms  DeleteObjects: 0.320200 ms)

========================================================================
Received Prepare
Registering precompiled user dll's ...
Registered in 0.001581 seconds.
Begin MonoManager ReloadAssembly
Native extension for LinuxStandalone target not found
Native extension for WindowsStandalone target not found
Native extension for OSXStandalone target not found
Refreshing native plugins compatible for Editor in 0.90 ms, found 1 plugins.
Preloading 0 native plugins for Editor in 0.00 ms.
Invoked RoslynAnalysisRunner static constructor.
RoslynAnalysisRunner will not be running.
RoslynAnalysisRunner has terminated.
Mono: successfully reloaded assembly
- Completed reload, in  1.358 seconds
Platform modules already initialized, skipping
Refreshing native plugins compatible for Editor in 0.45 ms, found 1 plugins.
Preloading 0 native plugins for Editor in 0.00 ms.
Unloading 1788 Unused Serialized files (Serialized files now loaded: 0)
System memory in use before: 87.8 MB.
System memory in use after: 87.8 MB.

Unloading 12 unused Assets to reduce memory usage. Loaded Objects now: 2269.
Total: 4.195900 ms (FindLiveObjects: 0.382200 ms CreateObjectMapping: 0.061600 ms MarkObjects: 3.438600 ms  DeleteObjects: 0.308600 ms)

========================================================================
Received Import Request.
  Time since last request: 363.615235 seconds.
  path: Assets/Scripts/GameController.cs
  artifactKey: Guid(a702f72bccfed72429524e3a0023d522) Importer(815301076,1909f56bfc062723c751e8b465ee728b)
Start importing Assets/Scripts/GameController.cs using Guid(a702f72bccfed72429524e3a0023d522) Importer(815301076,1909f56bfc062723c751e8b465ee728b)  -> (artifact id: '36f03b98e35d677d1addd8ac858f396a') in 0.008854 seconds
  Import took 0.026108 seconds .

========================================================================
Received Prepare
Registering precompiled user dll's ...
Registered in 0.002971 seconds.
Begin MonoManager ReloadAssembly
Native extension for LinuxStandalone target not found
Native extension for WindowsStandalone target not found
Native extension for OSXStandalone target not found
Refreshing native plugins compatible for Editor in 0.96 ms, found 1 plugins.
Preloading 0 native plugins for Editor in 0.00 ms.
Invoked RoslynAnalysisRunner static constructor.
RoslynAnalysisRunner will not be running.
RoslynAnalysisRunner has terminated.
Mono: successfully reloaded assembly
- Completed reload, in  1.789 seconds
Platform modules already initialized, skipping
Refreshing native plugins compatible for Editor in 0.50 ms, found 1 plugins.
Preloading 0 native plugins for Editor in 0.00 ms.
Unloading 1788 Unused Serialized files (Serialized files now loaded: 0)
System memory in use before: 87.9 MB.
System memory in use after: 87.9 MB.

Unloading 12 unused Assets to reduce memory usage. Loaded Objects now: 2272.
Total: 2.661000 ms (FindLiveObjects: 0.271700 ms CreateObjectMapping: 0.054600 ms MarkObjects: 2.193000 ms  DeleteObjects: 0.139800 ms)

========================================================================
Received Import Request.
  Time since last request: 379.149457 seconds.
  path: Assets/Scenes
  artifactKey: Guid(ab6bb31cf128ddf41a847bf01bb6ee44) Importer(815301076,1909f56bfc062723c751e8b465ee728b)
Start importing Assets/Scenes using Guid(ab6bb31cf128ddf41a847bf01bb6ee44) Importer(815301076,1909f56bfc062723c751e8b465ee728b)  -> (artifact id: '6f9ddd9820240b9b1a88b73971bd0fe7') in 0.009046 seconds
  Import took 0.013177 seconds .

========================================================================
Received Import Request.
  Time since last request: 0.000905 seconds.
  path: Assets/Scenes
  artifactKey: Guid(ab6bb31cf128ddf41a847bf01bb6ee44) Importer(815301076,1909f56bfc062723c751e8b465ee728b)
Start importing Assets/Scenes using Guid(ab6bb31cf128ddf41a847bf01bb6ee44) Importer(815301076,1909f56bfc062723c751e8b465ee728b)  -> (artifact id: '6f9ddd9820240b9b1a88b73971bd0fe7') in 0.003987 seconds
  Import took 0.009504 seconds .

========================================================================
Received Import Request.
  Time since last request: 7.532191 seconds.
  path: Assets/Scripts/EnemyController.cs
  artifactKey: Guid(a51e323f99ce53445b55d295ab9c5ea8) Importer(815301076,1909f56bfc062723c751e8b465ee728b)
Start importing Assets/Scripts/EnemyController.cs using Guid(a51e323f99ce53445b55d295ab9c5ea8) Importer(815301076,1909f56bfc062723c751e8b465ee728b)  -> (artifact id: '584742521d418070a9198054986ccc80') in 0.011960 seconds
  Import took 0.018602 seconds .

========================================================================
Received Prepare
Registering precompiled user dll's ...
Registered in 0.002107 seconds.
Begin MonoManager ReloadAssembly
Native extension for LinuxStandalone target not found
Native extension for WindowsStandalone target not found
Native extension for OSXStandalone target not found
Refreshing native plugins compatible for Editor in 0.48 ms, found 1 plugins.
Preloading 0 native plugins for Editor in 0.00 ms.
Invoked RoslynAnalysisRunner static constructor.
RoslynAnalysisRunner will not be running.
RoslynAnalysisRunner has terminated.
Mono: successfully reloaded assembly
- Completed reload, in  1.435 seconds
Platform modules already initialized, skipping
Refreshing native plugins compatible for Editor in 0.67 ms, found 1 plugins.
Preloading 0 native plugins for Editor in 0.00 ms.
Unloading 1789 Unused Serialized files (Serialized files now loaded: 0)
System memory in use before: 88.0 MB.
System memory in use after: 88.0 MB.

Unloading 12 unused Assets to reduce memory usage. Loaded Objects now: 2276.
Total: 4.929700 ms (FindLiveObjects: 0.455000 ms CreateObjectMapping: 0.062100 ms MarkObjects: 4.088300 ms  DeleteObjects: 0.317200 ms)

========================================================================
Received Import Request.
  Time since last request: 50.101026 seconds.
  path: Assets/Scripts/Enemy.cs
  artifactKey: Guid(a254f8e4ab0f06842a7b06d12a4fa7b9) Importer(815301076,1909f56bfc062723c751e8b465ee728b)
Start importing Assets/Scripts/Enemy.cs using Guid(a254f8e4ab0f06842a7b06d12a4fa7b9) Importer(815301076,1909f56bfc062723c751e8b465ee728b)  -> (artifact id: '5d3d1e728fb6e3e9fe4bf2fd9a5db6c5') in 0.017986 seconds
  Import took 0.026374 seconds .

========================================================================
Received Prepare
Registering precompiled user dll's ...
Registered in 0.002497 seconds.
Begin MonoManager ReloadAssembly
Native extension for LinuxStandalone target not found
Native extension for WindowsStandalone target not found
Native extension for OSXStandalone target not found
Refreshing native plugins compatible for Editor in 0.58 ms, found 1 plugins.
Preloading 0 native plugins for Editor in 0.00 ms.
Invoked RoslynAnalysisRunner static constructor.
RoslynAnalysisRunner will not be running.
RoslynAnalysisRunner has terminated.
Mono: successfully reloaded assembly
- Completed reload, in  1.737 seconds
Platform modules already initialized, skipping
Refreshing native plugins compatible for Editor in 1.90 ms, found 1 plugins.
Preloading 0 native plugins for Editor in 0.00 ms.
Unloading 1790 Unused Serialized files (Serialized files now loaded: 0)
System memory in use before: 88.1 MB.
System memory in use after: 88.1 MB.

Unloading 12 unused Assets to reduce memory usage. Loaded Objects now: 2280.
Total: 4.317000 ms (FindLiveObjects: 0.495400 ms CreateObjectMapping: 0.115100 ms MarkObjects: 3.503400 ms  DeleteObjects: 0.201200 ms)

========================================================================
Received Import Request.
  Time since last request: 47.532468 seconds.
  path: Assets/Scenes/SampleScene.unity
  artifactKey: Guid(2cda990e2423bbf4892e6590ba056729) Importer(815301076,1909f56bfc062723c751e8b465ee728b)
Start importing Assets/Scenes/SampleScene.unity using Guid(2cda990e2423bbf4892e6590ba056729) Importer(815301076,1909f56bfc062723c751e8b465ee728b)  -> (artifact id: '93638fc1279b9f4d18777cc8b89eade1') in 0.047446 seconds
  Import took 0.053842 seconds .

========================================================================
Received Import Request.
  Time since last request: 14.141028 seconds.
  path: Assets/Scenes/Sam'sTestingScene.unity
  artifactKey: Guid(2cda990e2423bbf4892e6590ba056729) Importer(815301076,1909f56bfc062723c751e8b465ee728b)
Start importing Assets/Scenes/Sam'sTestingScene.unity using Guid(2cda990e2423bbf4892e6590ba056729) Importer(815301076,1909f56bfc062723c751e8b465ee728b)  -> (artifact id: '509fb3c96a5ccf2266c7689c638e9685') in 0.011535 seconds
  Import took 0.018782 seconds .

========================================================================
Received Prepare
Registering precompiled user dll's ...
Registered in 0.004325 seconds.
Begin MonoManager ReloadAssembly
Native extension for LinuxStandalone target not found
Native extension for WindowsStandalone target not found
Native extension for OSXStandalone target not found
Refreshing native plugins compatible for Editor in 1.50 ms, found 1 plugins.
Preloading 0 native plugins for Editor in 0.00 ms.
Invoked RoslynAnalysisRunner static constructor.
RoslynAnalysisRunner will not be running.
RoslynAnalysisRunner has terminated.
Mono: successfully reloaded assembly
- Completed reload, in  1.893 seconds
Platform modules already initialized, skipping
Refreshing native plugins compatible for Editor in 1.03 ms, found 1 plugins.
Preloading 0 native plugins for Editor in 0.00 ms.
Unloading 1790 Unused Serialized files (Serialized files now loaded: 0)
System memory in use before: 88.1 MB.
System memory in use after: 88.1 MB.

Unloading 12 unused Assets to reduce memory usage. Loaded Objects now: 2283.
Total: 4.637800 ms (FindLiveObjects: 0.439300 ms CreateObjectMapping: 0.083000 ms MarkObjects: 3.823700 ms  DeleteObjects: 0.289000 ms)

========================================================================
Received Import Request.
  Time since last request: 197.950195 seconds.
  path: Assets/Scripts/EnemyController.cs
  artifactKey: Guid(a51e323f99ce53445b55d295ab9c5ea8) Importer(815301076,1909f56bfc062723c751e8b465ee728b)
Start importing Assets/Scripts/EnemyController.cs using Guid(a51e323f99ce53445b55d295ab9c5ea8) Importer(815301076,1909f56bfc062723c751e8b465ee728b)  -> (artifact id: 'c3f570d8e8d06e0de0a3e522fe837fc5') in 0.022575 seconds
  Import took 0.034680 seconds .

========================================================================
Received Prepare
Registering precompiled user dll's ...
Registered in 0.004977 seconds.
Begin MonoManager ReloadAssembly
Native extension for LinuxStandalone target not found
Native extension for WindowsStandalone target not found
Native extension for OSXStandalone target not found
Refreshing native plugins compatible for Editor in 2.27 ms, found 1 plugins.
Preloading 0 native plugins for Editor in 0.00 ms.
Invoked RoslynAnalysisRunner static constructor.
RoslynAnalysisRunner will not be running.
RoslynAnalysisRunner has terminated.
Mono: successfully reloaded assembly
- Completed reload, in  3.033 seconds
Platform modules already initialized, skipping
Refreshing native plugins compatible for Editor in 1.88 ms, found 1 plugins.
Preloading 0 native plugins for Editor in 0.00 ms.
Unloading 1790 Unused Serialized files (Serialized files now loaded: 0)
System memory in use before: 88.2 MB.
System memory in use after: 88.2 MB.

Unloading 12 unused Assets to reduce memory usage. Loaded Objects now: 2286.
Total: 6.695600 ms (FindLiveObjects: 1.469300 ms CreateObjectMapping: 0.490800 ms MarkObjects: 4.551100 ms  DeleteObjects: 0.180100 ms)

========================================================================
Received Import Request.
  Time since last request: 267.604728 seconds.
  path: Assets/prefabs
  artifactKey: Guid(893ed0620303a71499a89b85b063b992) Importer(815301076,1909f56bfc062723c751e8b465ee728b)
Start importing Assets/prefabs using Guid(893ed0620303a71499a89b85b063b992) Importer(815301076,1909f56bfc062723c751e8b465ee728b)  -> (artifact id: '5333f5b5d904670f5ed415b8d652b582') in 0.027113 seconds
  Import took 0.036335 seconds .

========================================================================
Received Import Request.
  Time since last request: 4.702525 seconds.
  path: Assets/prefabs/SimpleEnemy.prefab
  artifactKey: Guid(1f253778defa8074ba10b326c5246748) Importer(815301076,1909f56bfc062723c751e8b465ee728b)
Start importing Assets/prefabs/SimpleEnemy.prefab using Guid(1f253778defa8074ba10b326c5246748) Importer(815301076,1909f56bfc062723c751e8b465ee728b)  -> (artifact id: '93b0859a6014df8768b0550fe950c67f') in 0.451690 seconds
  Import took 0.459138 seconds .

========================================================================
Received Import Request.
  Time since last request: 0.003739 seconds.
  path: Assets/prefabs/SimpleEnemy.prefab
  artifactKey: Guid(1f253778defa8074ba10b326c5246748) Importer(815301076,1909f56bfc062723c751e8b465ee728b)
Start importing Assets/prefabs/SimpleEnemy.prefab using Guid(1f253778defa8074ba10b326c5246748) Importer(815301076,1909f56bfc062723c751e8b465ee728b)  -> (artifact id: '93b0859a6014df8768b0550fe950c67f') in 0.049249 seconds
  Import took 0.059725 seconds .

========================================================================
Received Import Request.
  Time since last request: 24.207896 seconds.
  path: Assets/prefabs/SimpleEnemy.prefab
  artifactKey: Guid(1f253778defa8074ba10b326c5246748) Importer(815301076,1909f56bfc062723c751e8b465ee728b)
Start importing Assets/prefabs/SimpleEnemy.prefab using Guid(1f253778defa8074ba10b326c5246748) Importer(815301076,1909f56bfc062723c751e8b465ee728b)  -> (artifact id: '924c06898b2359480844a9e1a96538ce') in 0.035100 seconds
  Import took 0.041607 seconds .

========================================================================
Received Prepare
Registering precompiled user dll's ...
Registered in 0.003563 seconds.
Begin MonoManager ReloadAssembly
Native extension for LinuxStandalone target not found
Native extension for WindowsStandalone target not found
Native extension for OSXStandalone target not found
Refreshing native plugins compatible for Editor in 1.93 ms, found 1 plugins.
Preloading 0 native plugins for Editor in 0.00 ms.
Invoked RoslynAnalysisRunner static constructor.
RoslynAnalysisRunner will not be running.
RoslynAnalysisRunner has terminated.
Mono: successfully reloaded assembly
- Completed reload, in  2.696 seconds
Platform modules already initialized, skipping
Refreshing native plugins compatible for Editor in 1.56 ms, found 1 plugins.
Preloading 0 native plugins for Editor in 0.00 ms.
Unloading 1790 Unused Serialized files (Serialized files now loaded: 0)
System memory in use before: 88.3 MB.
System memory in use after: 88.3 MB.

Unloading 12 unused Assets to reduce memory usage. Loaded Objects now: 2293.
Total: 13.539300 ms (FindLiveObjects: 0.888500 ms CreateObjectMapping: 0.075600 ms MarkObjects: 11.672700 ms  DeleteObjects: 0.876900 ms)

========================================================================
Received Prepare
Registering precompiled user dll's ...
Registered in 0.007813 seconds.
Begin MonoManager ReloadAssembly
Native extension for LinuxStandalone target not found
Native extension for WindowsStandalone target not found
Native extension for OSXStandalone target not found
Refreshing native plugins compatible for Editor in 2.86 ms, found 1 plugins.
Preloading 0 native plugins for Editor in 0.00 ms.
Invoked RoslynAnalysisRunner static constructor.
RoslynAnalysisRunner will not be running.
RoslynAnalysisRunner has terminated.
Mono: successfully reloaded assembly
- Completed reload, in  4.670 seconds
Platform modules already initialized, skipping
Refreshing native plugins compatible for Editor in 0.49 ms, found 1 plugins.
Preloading 0 native plugins for Editor in 0.00 ms.
Unloading 1790 Unused Serialized files (Serialized files now loaded: 0)
System memory in use before: 88.4 MB.
System memory in use after: 88.4 MB.

Unloading 12 unused Assets to reduce memory usage. Loaded Objects now: 2296.
Total: 5.370500 ms (FindLiveObjects: 0.610200 ms CreateObjectMapping: 0.126700 ms MarkObjects: 4.348000 ms  DeleteObjects: 0.281900 ms)

========================================================================
Received Import Request.
  Time since last request: 75.348475 seconds.
  path: Assets/prefabs/SimpleEnemy.prefab
  artifactKey: Guid(1f253778defa8074ba10b326c5246748) Importer(815301076,1909f56bfc062723c751e8b465ee728b)
Start importing Assets/prefabs/SimpleEnemy.prefab using Guid(1f253778defa8074ba10b326c5246748) Importer(815301076,1909f56bfc062723c751e8b465ee728b)  -> (artifact id: '6b1d6cec62df9ebe601d0926e97622a7') in 0.375338 seconds
  Import took 0.400312 seconds .

========================================================================
Received Import Request.
  Time since last request: 12.263975 seconds.
  path: Assets/prefabs/SimpleEnemy.prefab
  artifactKey: Guid(1f253778defa8074ba10b326c5246748) Importer(815301076,1909f56bfc062723c751e8b465ee728b)
Start importing Assets/prefabs/SimpleEnemy.prefab using Guid(1f253778defa8074ba10b326c5246748) Importer(815301076,1909f56bfc062723c751e8b465ee728b)  -> (artifact id: 'f06de19121a966c65589c7776f38a5ff') in 0.043758 seconds
  Import took 0.053052 seconds .

========================================================================
Received Import Request.
  Time since last request: 0.026603 seconds.
  path: Assets/prefabs/SimpleEnemy.prefab
  artifactKey: Guid(1f253778defa8074ba10b326c5246748) Importer(815301076,1909f56bfc062723c751e8b465ee728b)
Start importing Assets/prefabs/SimpleEnemy.prefab using Guid(1f253778defa8074ba10b326c5246748) Importer(815301076,1909f56bfc062723c751e8b465ee728b)  -> (artifact id: 'f06de19121a966c65589c7776f38a5ff') in 0.058009 seconds
  Import took 0.068236 seconds .

========================================================================
Received Import Request.
  Time since last request: 2.436280 seconds.
  path: Assets/prefabs/SimpleEnemy.prefab
  artifactKey: Guid(1f253778defa8074ba10b326c5246748) Importer(815301076,1909f56bfc062723c751e8b465ee728b)
Start importing Assets/prefabs/SimpleEnemy.prefab using Guid(1f253778defa8074ba10b326c5246748) Importer(815301076,1909f56bfc062723c751e8b465ee728b)  -> (artifact id: '939eeedefea6128bad181c6188fa0a43') in 0.057177 seconds
  Import took 0.067624 seconds .

========================================================================
Received Import Request.
  Time since last request: 0.012757 seconds.
  path: Assets/prefabs/SimpleEnemy.prefab
  artifactKey: Guid(1f253778defa8074ba10b326c5246748) Importer(815301076,1909f56bfc062723c751e8b465ee728b)
Start importing Assets/prefabs/SimpleEnemy.prefab using Guid(1f253778defa8074ba10b326c5246748) Importer(815301076,1909f56bfc062723c751e8b465ee728b)  -> (artifact id: '939eeedefea6128bad181c6188fa0a43') in 0.047182 seconds
  Import took 0.057038 seconds .

========================================================================
Received Prepare
Registering precompiled user dll's ...
Registered in 0.002234 seconds.
Begin MonoManager ReloadAssembly
Native extension for LinuxStandalone target not found
Native extension for WindowsStandalone target not found
Native extension for OSXStandalone target not found
Refreshing native plugins compatible for Editor in 1.98 ms, found 1 plugins.
Preloading 0 native plugins for Editor in 0.00 ms.
Invoked RoslynAnalysisRunner static constructor.
RoslynAnalysisRunner will not be running.
RoslynAnalysisRunner has terminated.
Mono: successfully reloaded assembly
- Completed reload, in  3.075 seconds
Platform modules already initialized, skipping
Refreshing native plugins compatible for Editor in 0.97 ms, found 1 plugins.
Preloading 0 native plugins for Editor in 0.00 ms.
Unloading 1790 Unused Serialized files (Serialized files now loaded: 0)
System memory in use before: 88.5 MB.
System memory in use after: 88.5 MB.

Unloading 12 unused Assets to reduce memory usage. Loaded Objects now: 2300.
Total: 10.548900 ms (FindLiveObjects: 0.392000 ms CreateObjectMapping: 0.057700 ms MarkObjects: 9.164300 ms  DeleteObjects: 0.928200 ms)

========================================================================
Received Import Request.
  Time since last request: 31.769505 seconds.
  path: Assets/prefabs/SimpleEnemy.prefab
  artifactKey: Guid(1f253778defa8074ba10b326c5246748) Importer(815301076,1909f56bfc062723c751e8b465ee728b)
Start importing Assets/prefabs/SimpleEnemy.prefab using Guid(1f253778defa8074ba10b326c5246748) Importer(815301076,1909f56bfc062723c751e8b465ee728b)  -> (artifact id: 'ef0ed708beef231d284ad8e7fc8bd7bd') in 0.087228 seconds
  Import took 0.092020 seconds .

========================================================================
Received Import Request.
  Time since last request: 0.175444 seconds.
  path: Assets/prefabs/SimpleEnemy.prefab
  artifactKey: Guid(1f253778defa8074ba10b326c5246748) Importer(815301076,1909f56bfc062723c751e8b465ee728b)
Start importing Assets/prefabs/SimpleEnemy.prefab using Guid(1f253778defa8074ba10b326c5246748) Importer(815301076,1909f56bfc062723c751e8b465ee728b)  -> (artifact id: 'ef0ed708beef231d284ad8e7fc8bd7bd') in 0.042040 seconds
  Import took 0.055041 seconds .

========================================================================
Received Prepare
Registering precompiled user dll's ...
Registered in 0.008725 seconds.
Begin MonoManager ReloadAssembly
Native extension for LinuxStandalone target not found
Native extension for WindowsStandalone target not found
Native extension for OSXStandalone target not found
Refreshing native plugins compatible for Editor in 0.77 ms, found 1 plugins.
Preloading 0 native plugins for Editor in 0.00 ms.
Invoked RoslynAnalysisRunner static constructor.
RoslynAnalysisRunner will not be running.
RoslynAnalysisRunner has terminated.
Mono: successfully reloaded assembly
- Completed reload, in  2.652 seconds
Platform modules already initialized, skipping
Refreshing native plugins compatible for Editor in 0.48 ms, found 1 plugins.
Preloading 0 native plugins for Editor in 0.00 ms.
Unloading 1790 Unused Serialized files (Serialized files now loaded: 0)
System memory in use before: 88.5 MB.
System memory in use after: 88.5 MB.

Unloading 12 unused Assets to reduce memory usage. Loaded Objects now: 2304.
Total: 9.672400 ms (FindLiveObjects: 1.122200 ms CreateObjectMapping: 0.152900 ms MarkObjects: 7.088500 ms  DeleteObjects: 1.299000 ms)

========================================================================
Received Prepare
Registering precompiled user dll's ...
Registered in 0.003342 seconds.
Begin MonoManager ReloadAssembly
Native extension for LinuxStandalone target not found
Native extension for WindowsStandalone target not found
Native extension for OSXStandalone target not found
Refreshing native plugins compatible for Editor in 1.25 ms, found 1 plugins.
Preloading 0 native plugins for Editor in 0.00 ms.
Invoked RoslynAnalysisRunner static constructor.
RoslynAnalysisRunner will not be running.
RoslynAnalysisRunner has terminated.
Mono: successfully reloaded assembly
- Completed reload, in  1.937 seconds
Platform modules already initialized, skipping
Refreshing native plugins compatible for Editor in 0.88 ms, found 1 plugins.
Preloading 0 native plugins for Editor in 0.00 ms.
Unloading 1790 Unused Serialized files (Serialized files now loaded: 0)
System memory in use before: 88.6 MB.
System memory in use after: 88.6 MB.

Unloading 12 unused Assets to reduce memory usage. Loaded Objects now: 2307.
Total: 4.353100 ms (FindLiveObjects: 0.752900 ms CreateObjectMapping: 0.085400 ms MarkObjects: 3.264200 ms  DeleteObjects: 0.246800 ms)

========================================================================
Received Prepare
Registering precompiled user dll's ...
Registered in 0.007607 seconds.
Begin MonoManager ReloadAssembly
Native extension for LinuxStandalone target not found
Native extension for WindowsStandalone target not found
Native extension for OSXStandalone target not found
Refreshing native plugins compatible for Editor in 0.51 ms, found 1 plugins.
Preloading 0 native plugins for Editor in 0.00 ms.
Invoked RoslynAnalysisRunner static constructor.
RoslynAnalysisRunner will not be running.
RoslynAnalysisRunner has terminated.
Mono: successfully reloaded assembly
- Completed reload, in  2.906 seconds
Platform modules already initialized, skipping
Refreshing native plugins compatible for Editor in 2.63 ms, found 1 plugins.
Preloading 0 native plugins for Editor in 0.00 ms.
Unloading 1790 Unused Serialized files (Serialized files now loaded: 0)
System memory in use before: 88.7 MB.
System memory in use after: 88.7 MB.

Unloading 12 unused Assets to reduce memory usage. Loaded Objects now: 2310.
Total: 4.230900 ms (FindLiveObjects: 0.360400 ms CreateObjectMapping: 0.056100 ms MarkObjects: 3.493000 ms  DeleteObjects: 0.318700 ms)

========================================================================
Received Prepare
Registering precompiled user dll's ...
Registered in 0.018714 seconds.
Begin MonoManager ReloadAssembly
Native extension for LinuxStandalone target not found
Native extension for WindowsStandalone target not found
Native extension for OSXStandalone target not found
Refreshing native plugins compatible for Editor in 0.50 ms, found 1 plugins.
Preloading 0 native plugins for Editor in 0.00 ms.
Invoked RoslynAnalysisRunner static constructor.
RoslynAnalysisRunner will not be running.
RoslynAnalysisRunner has terminated.
Mono: successfully reloaded assembly
- Completed reload, in  3.719 seconds
Platform modules already initialized, skipping
Refreshing native plugins compatible for Editor in 1.12 ms, found 1 plugins.
Preloading 0 native plugins for Editor in 0.00 ms.
Unloading 1790 Unused Serialized files (Serialized files now loaded: 0)
System memory in use before: 88.7 MB.
System memory in use after: 88.7 MB.

Unloading 12 unused Assets to reduce memory usage. Loaded Objects now: 2313.
Total: 11.987800 ms (FindLiveObjects: 0.565600 ms CreateObjectMapping: 0.141500 ms MarkObjects: 10.797100 ms  DeleteObjects: 0.476700 ms)

========================================================================
Received Import Request.
  Time since last request: 351.993602 seconds.
  path: Assets/prefabs/SimpleEnemy.prefab
  artifactKey: Guid(1f253778defa8074ba10b326c5246748) Importer(815301076,1909f56bfc062723c751e8b465ee728b)
Start importing Assets/prefabs/SimpleEnemy.prefab using Guid(1f253778defa8074ba10b326c5246748) Importer(815301076,1909f56bfc062723c751e8b465ee728b)  -> (artifact id: 'f132148b4cdae25ef81d97c5716f344d') in 0.335022 seconds
  Import took 0.344695 seconds .

========================================================================
Received Import Request.
  Time since last request: 0.005744 seconds.
  path: Assets/prefabs/SimpleEnemy.prefab
  artifactKey: Guid(1f253778defa8074ba10b326c5246748) Importer(815301076,1909f56bfc062723c751e8b465ee728b)
Start importing Assets/prefabs/SimpleEnemy.prefab using Guid(1f253778defa8074ba10b326c5246748) Importer(815301076,1909f56bfc062723c751e8b465ee728b)  -> (artifact id: 'f132148b4cdae25ef81d97c5716f344d') in 0.046744 seconds
  Import took 0.056368 seconds .

========================================================================
Received Prepare
Registering precompiled user dll's ...
Registered in 0.003553 seconds.
Begin MonoManager ReloadAssembly
Native extension for LinuxStandalone target not found
Native extension for WindowsStandalone target not found
Native extension for OSXStandalone target not found
Refreshing native plugins compatible for Editor in 1.36 ms, found 1 plugins.
Preloading 0 native plugins for Editor in 0.00 ms.
Invoked RoslynAnalysisRunner static constructor.
RoslynAnalysisRunner will not be running.
RoslynAnalysisRunner has terminated.
Mono: successfully reloaded assembly
- Completed reload, in  4.997 seconds
Platform modules already initialized, skipping
Refreshing native plugins compatible for Editor in 1.99 ms, found 1 plugins.
Preloading 0 native plugins for Editor in 0.00 ms.
Unloading 1790 Unused Serialized files (Serialized files now loaded: 0)
System memory in use before: 88.8 MB.
System memory in use after: 88.8 MB.

Unloading 12 unused Assets to reduce memory usage. Loaded Objects now: 2317.
Total: 13.944700 ms (FindLiveObjects: 0.835200 ms CreateObjectMapping: 0.084700 ms MarkObjects: 12.602500 ms  DeleteObjects: 0.415900 ms)

========================================================================
Received Import Request.
  Time since last request: 29.433610 seconds.
  path: Assets/prefabs/SimpleEnemy.prefab
  artifactKey: Guid(1f253778defa8074ba10b326c5246748) Importer(815301076,1909f56bfc062723c751e8b465ee728b)
Start importing Assets/prefabs/SimpleEnemy.prefab using Guid(1f253778defa8074ba10b326c5246748) Importer(815301076,1909f56bfc062723c751e8b465ee728b)  -> (artifact id: '38946b8faef23c0d73369677183aea39') in 0.232375 seconds
  Import took 0.254949 seconds .

========================================================================
Received Import Request.
  Time since last request: 6.796735 seconds.
  path: ProjectSettings/TagManager.asset
  artifactKey: Guid(00000000000000003000000000000000) Importer(815301076,1909f56bfc062723c751e8b465ee728b)
Start importing ProjectSettings/TagManager.asset using Guid(00000000000000003000000000000000) Importer(815301076,1909f56bfc062723c751e8b465ee728b)  -> (artifact id: 'e8c3ab6b558fa7fe7c42e9a55a892947') in 0.019764 seconds
  Import took 0.030298 seconds .

========================================================================
Received Import Request.
  Time since last request: 0.066176 seconds.
  path: ProjectSettings/TagManager.asset
  artifactKey: Guid(00000000000000003000000000000000) Importer(815301076,1909f56bfc062723c751e8b465ee728b)
Start importing ProjectSettings/TagManager.asset using Guid(00000000000000003000000000000000) Importer(815301076,1909f56bfc062723c751e8b465ee728b)  -> (artifact id: 'e8c3ab6b558fa7fe7c42e9a55a892947') in 0.012527 seconds
  Import took 0.020309 seconds .

========================================================================
Received Import Request.
  Time since last request: 106.967829 seconds.
  path: Assets/prefabs/SimpleEnemy.prefab
  artifactKey: Guid(1f253778defa8074ba10b326c5246748) Importer(815301076,1909f56bfc062723c751e8b465ee728b)
Start importing Assets/prefabs/SimpleEnemy.prefab using Guid(1f253778defa8074ba10b326c5246748) Importer(815301076,1909f56bfc062723c751e8b465ee728b)  -> (artifact id: 'ce13daf0764a81768169e82822ed491d') in 0.107044 seconds
  Import took 0.131886 seconds .

========================================================================
Received Import Request.
  Time since last request: 5.605920 seconds.
  path: Assets/prefabs/SimpleEnemy.prefab
  artifactKey: Guid(1f253778defa8074ba10b326c5246748) Importer(815301076,1909f56bfc062723c751e8b465ee728b)
Start importing Assets/prefabs/SimpleEnemy.prefab using Guid(1f253778defa8074ba10b326c5246748) Importer(815301076,1909f56bfc062723c751e8b465ee728b)  -> (artifact id: '5d532362e8c50775875c7c0b1401af7d') in 0.047789 seconds
  Import took 0.061856 seconds .

========================================================================
Received Import Request.
  Time since last request: 0.000877 seconds.
  path: Assets/prefabs/SimpleEnemy.prefab
  artifactKey: Guid(1f253778defa8074ba10b326c5246748) Importer(815301076,1909f56bfc062723c751e8b465ee728b)
Start importing Assets/prefabs/SimpleEnemy.prefab using Guid(1f253778defa8074ba10b326c5246748) Importer(815301076,1909f56bfc062723c751e8b465ee728b)  -> (artifact id: '5d532362e8c50775875c7c0b1401af7d') in 0.059543 seconds
  Import took 0.087623 seconds .

========================================================================
Received Prepare
Registering precompiled user dll's ...
Registered in 0.025841 seconds.
Begin MonoManager ReloadAssembly
Native extension for LinuxStandalone target not found
Native extension for WindowsStandalone target not found
Native extension for OSXStandalone target not found
Refreshing native plugins compatible for Editor in 1.49 ms, found 1 plugins.
Preloading 0 native plugins for Editor in 0.00 ms.
Invoked RoslynAnalysisRunner static constructor.
RoslynAnalysisRunner will not be running.
RoslynAnalysisRunner has terminated.
Mono: successfully reloaded assembly
- Completed reload, in  2.561 seconds
Platform modules already initialized, skipping
Refreshing native plugins compatible for Editor in 1.40 ms, found 1 plugins.
Preloading 0 native plugins for Editor in 0.00 ms.
Unloading 1790 Unused Serialized files (Serialized files now loaded: 0)
System memory in use before: 88.9 MB.
System memory in use after: 88.9 MB.

Unloading 14 unused Assets to reduce memory usage. Loaded Objects now: 2321.
Total: 13.012300 ms (FindLiveObjects: 1.621400 ms CreateObjectMapping: 0.387100 ms MarkObjects: 10.076900 ms  DeleteObjects: 0.914000 ms)

========================================================================
Received Prepare
Registering precompiled user dll's ...
Registered in 0.025909 seconds.
Begin MonoManager ReloadAssembly
Native extension for LinuxStandalone target not found
Native extension for WindowsStandalone target not found
Native extension for OSXStandalone target not found
Refreshing native plugins compatible for Editor in 2.12 ms, found 1 plugins.
Preloading 0 native plugins for Editor in 0.00 ms.
Invoked RoslynAnalysisRunner static constructor.
RoslynAnalysisRunner will not be running.
RoslynAnalysisRunner has terminated.
Mono: successfully reloaded assembly
- Completed reload, in  4.833 seconds
Platform modules already initialized, skipping
Refreshing native plugins compatible for Editor in 1.18 ms, found 1 plugins.
Preloading 0 native plugins for Editor in 0.00 ms.
Unloading 1790 Unused Serialized files (Serialized files now loaded: 0)
System memory in use before: 88.9 MB.
System memory in use after: 88.9 MB.

Unloading 12 unused Assets to reduce memory usage. Loaded Objects now: 2324.
Total: 19.991200 ms (FindLiveObjects: 2.775200 ms CreateObjectMapping: 0.672000 ms MarkObjects: 15.505500 ms  DeleteObjects: 1.023200 ms)

========================================================================
Received Import Request.
  Time since last request: 137.821912 seconds.
  path: Assets/prefabs/SimpleEnemy.prefab
  artifactKey: Guid(1f253778defa8074ba10b326c5246748) Importer(815301076,1909f56bfc062723c751e8b465ee728b)
Start importing Assets/prefabs/SimpleEnemy.prefab using Guid(1f253778defa8074ba10b326c5246748) Importer(815301076,1909f56bfc062723c751e8b465ee728b)  -> (artifact id: '50de741f990847ae09f8da168de6db6c') in 0.301734 seconds
  Import took 0.315250 seconds .

========================================================================
Received Import Request.
  Time since last request: 4.309992 seconds.
  path: Assets/prefabs/SimpleEnemy.prefab
  artifactKey: Guid(1f253778defa8074ba10b326c5246748) Importer(815301076,1909f56bfc062723c751e8b465ee728b)
Start importing Assets/prefabs/SimpleEnemy.prefab using Guid(1f253778defa8074ba10b326c5246748) Importer(815301076,1909f56bfc062723c751e8b465ee728b)  -> (artifact id: '79702f5314decac11795e994dc3f3976') in 0.087116 seconds
  Import took 0.098365 seconds .

========================================================================
Received Import Request.
  Time since last request: 0.005300 seconds.
  path: Assets/prefabs/SimpleEnemy.prefab
  artifactKey: Guid(1f253778defa8074ba10b326c5246748) Importer(815301076,1909f56bfc062723c751e8b465ee728b)
Start importing Assets/prefabs/SimpleEnemy.prefab using Guid(1f253778defa8074ba10b326c5246748) Importer(815301076,1909f56bfc062723c751e8b465ee728b)  -> (artifact id: '79702f5314decac11795e994dc3f3976') in 0.090716 seconds
  Import took 0.107874 seconds .

========================================================================
Received Import Request.
  Time since last request: 9.931582 seconds.
  path: Assets/prefabs/SimpleEnemy.prefab
  artifactKey: Guid(1f253778defa8074ba10b326c5246748) Importer(815301076,1909f56bfc062723c751e8b465ee728b)
Start importing Assets/prefabs/SimpleEnemy.prefab using Guid(1f253778defa8074ba10b326c5246748) Importer(815301076,1909f56bfc062723c751e8b465ee728b)  -> (artifact id: '7cab56a001236a72d1fe8a23c66ac3f5') in 0.061240 seconds
  Import took 0.071225 seconds .

========================================================================
Received Import Request.
  Time since last request: 0.000427 seconds.
  path: Assets/prefabs/SimpleEnemy.prefab
  artifactKey: Guid(1f253778defa8074ba10b326c5246748) Importer(815301076,1909f56bfc062723c751e8b465ee728b)
Start importing Assets/prefabs/SimpleEnemy.prefab using Guid(1f253778defa8074ba10b326c5246748) Importer(815301076,1909f56bfc062723c751e8b465ee728b)  -> (artifact id: '7cab56a001236a72d1fe8a23c66ac3f5') in 0.047932 seconds
  Import took 0.061050 seconds .

========================================================================
Received Import Request.
  Time since last request: 12.922236 seconds.
  path: Assets/prefabs/SimpleEnemy.prefab
  artifactKey: Guid(1f253778defa8074ba10b326c5246748) Importer(815301076,1909f56bfc062723c751e8b465ee728b)
Start importing Assets/prefabs/SimpleEnemy.prefab using Guid(1f253778defa8074ba10b326c5246748) Importer(815301076,1909f56bfc062723c751e8b465ee728b)  -> (artifact id: 'fff6a29feea838c0a7aa39f01e0b3b7c') in 0.040685 seconds
  Import took 0.048521 seconds .

========================================================================
Received Import Request.
  Time since last request: 0.013127 seconds.
  path: Assets/prefabs/SimpleEnemy.prefab
  artifactKey: Guid(1f253778defa8074ba10b326c5246748) Importer(815301076,1909f56bfc062723c751e8b465ee728b)
Start importing Assets/prefabs/SimpleEnemy.prefab using Guid(1f253778defa8074ba10b326c5246748) Importer(815301076,1909f56bfc062723c751e8b465ee728b)  -> (artifact id: 'fff6a29feea838c0a7aa39f01e0b3b7c') in 0.057880 seconds
  Import took 0.066650 seconds .

========================================================================
Received Import Request.
  Time since last request: 12.815772 seconds.
  path: Assets/prefabs/SimpleEnemy.prefab
  artifactKey: Guid(1f253778defa8074ba10b326c5246748) Importer(815301076,1909f56bfc062723c751e8b465ee728b)
Start importing Assets/prefabs/SimpleEnemy.prefab using Guid(1f253778defa8074ba10b326c5246748) Importer(815301076,1909f56bfc062723c751e8b465ee728b)  -> (artifact id: '86c956ae150bc564e73ea77124955333') in 0.075884 seconds
  Import took 0.088503 seconds .

========================================================================
Received Prepare
Registering precompiled user dll's ...
Registered in 0.014295 seconds.
Begin MonoManager ReloadAssembly
Native extension for LinuxStandalone target not found
Native extension for WindowsStandalone target not found
Native extension for OSXStandalone target not found
Refreshing native plugins compatible for Editor in 2.43 ms, found 1 plugins.
Preloading 0 native plugins for Editor in 0.00 ms.
Invoked RoslynAnalysisRunner static constructor.
RoslynAnalysisRunner will not be running.
RoslynAnalysisRunner has terminated.
Mono: successfully reloaded assembly
- Completed reload, in  5.147 seconds
Platform modules already initialized, skipping
Refreshing native plugins compatible for Editor in 1.27 ms, found 1 plugins.
Preloading 0 native plugins for Editor in 0.00 ms.
Unloading 1790 Unused Serialized files (Serialized files now loaded: 0)
System memory in use before: 89.0 MB.
System memory in use after: 89.0 MB.

Unloading 12 unused Assets to reduce memory usage. Loaded Objects now: 2328.
Total: 12.940900 ms (FindLiveObjects: 1.401400 ms CreateObjectMapping: 0.162000 ms MarkObjects: 10.863100 ms  DeleteObjects: 0.503400 ms)

========================================================================
Received Import Request.
  Time since last request: 62.477881 seconds.
  path: Assets/prefabs/SimpleEnemy.prefab
  artifactKey: Guid(1f253778defa8074ba10b326c5246748) Importer(815301076,1909f56bfc062723c751e8b465ee728b)
Start importing Assets/prefabs/SimpleEnemy.prefab using Guid(1f253778defa8074ba10b326c5246748) Importer(815301076,1909f56bfc062723c751e8b465ee728b)  -> (artifact id: 'f3e6b8b3a0727e5d1b5ac545d82cafc4') in 0.272008 seconds
  Import took 0.291125 seconds .

========================================================================
Received Prepare
Registering precompiled user dll's ...
Registered in 0.004477 seconds.
Begin MonoManager ReloadAssembly
Native extension for LinuxStandalone target not found
Native extension for WindowsStandalone target not found
Native extension for OSXStandalone target not found
Refreshing native plugins compatible for Editor in 0.46 ms, found 1 plugins.
Preloading 0 native plugins for Editor in 0.00 ms.
Invoked RoslynAnalysisRunner static constructor.
RoslynAnalysisRunner will not be running.
RoslynAnalysisRunner has terminated.
Mono: successfully reloaded assembly
- Completed reload, in  1.477 seconds
Platform modules already initialized, skipping
Refreshing native plugins compatible for Editor in 1.25 ms, found 1 plugins.
Preloading 0 native plugins for Editor in 0.00 ms.
Unloading 1790 Unused Serialized files (Serialized files now loaded: 0)
System memory in use before: 89.1 MB.
System memory in use after: 89.1 MB.

Unloading 12 unused Assets to reduce memory usage. Loaded Objects now: 2332.
Total: 3.242100 ms (FindLiveObjects: 0.407000 ms CreateObjectMapping: 0.056700 ms MarkObjects: 2.609900 ms  DeleteObjects: 0.166400 ms)

========================================================================
Received Prepare
Registering precompiled user dll's ...
Registered in 0.001752 seconds.
Begin MonoManager ReloadAssembly
Native extension for LinuxStandalone target not found
Native extension for WindowsStandalone target not found
Native extension for OSXStandalone target not found
Refreshing native plugins compatible for Editor in 0.80 ms, found 1 plugins.
Preloading 0 native plugins for Editor in 0.00 ms.
Invoked RoslynAnalysisRunner static constructor.
RoslynAnalysisRunner will not be running.
RoslynAnalysisRunner has terminated.
Mono: successfully reloaded assembly
- Completed reload, in  1.634 seconds
Platform modules already initialized, skipping
Refreshing native plugins compatible for Editor in 0.84 ms, found 1 plugins.
Preloading 0 native plugins for Editor in 0.00 ms.
Unloading 1790 Unused Serialized files (Serialized files now loaded: 0)
System memory in use before: 89.2 MB.
System memory in use after: 89.2 MB.

Unloading 12 unused Assets to reduce memory usage. Loaded Objects now: 2335.
Total: 4.276000 ms (FindLiveObjects: 0.856100 ms CreateObjectMapping: 0.207900 ms MarkObjects: 3.039600 ms  DeleteObjects: 0.167600 ms)

AssetImportWorkerClient::OnTransportError - code=2 error=End of file
