Using pre-set license
Built from '2020.2/release' branch; Version is '2020.2.2f1 (068178b99f32) revision 426360'; Using compiler version '192528614'; Build Type 'Release'
OS: 'Windows 10 Home; OS build 18363.1379; Version 1909; 64bit' Language: 'en' Physical Memory: 8119 MB
BatchMode: 1, IsHumanControllingUs: 0, StartBugReporterOnCrash: 0, Is64bit: 1, IsPro: 0

 COMMAND LINE ARGUMENTS:
C:\Program Files\Unity\Hub\Editor\2020.2.2f1\Editor\Unity.exe
-adb2
-batchMode
-noUpm
-name
AssetImportWorker1
-projectPath
C:/Users/sjacu/Documents/GitHub/4410GP/TowerWars
-logFile
Logs/AssetImportWorker1.log
-srvPort
65020
Successfully changed project path to: C:/Users/sjacu/Documents/GitHub/4410GP/TowerWars
C:/Users/sjacu/Documents/GitHub/4410GP/TowerWars
Using Asset Import Pipeline V2.
Refreshing native plugins compatible for Editor in 67.17 ms, found 1 plugins.
Preloading 0 native plugins for Editor in 0.00 ms.
Initialize engine version: 2020.2.2f1 (068178b99f32)
[Subsystems] Discovering subsystems at path C:/Program Files/Unity/Hub/Editor/2020.2.2f1/Editor/Data/Resources/UnitySubsystems
[Subsystems] Discovering subsystems at path C:/Users/sjacu/Documents/GitHub/4410GP/TowerWars/Assets
GfxDevice: creating device client; threaded=0
Direct3D:
    Version:  Direct3D 11.0 [level 11.1]
    Renderer: Radeon RX 580 Series (ID=0x67df)
    Vendor:   
    VRAM:     4075 MB
    Driver:   27.20.14501.18003
Initialize mono
Mono path[0] = 'C:/Program Files/Unity/Hub/Editor/2020.2.2f1/Editor/Data/Managed'
Mono path[1] = 'C:/Program Files/Unity/Hub/Editor/2020.2.2f1/Editor/Data/MonoBleedingEdge/lib/mono/unityjit'
Mono config path = 'C:/Program Files/Unity/Hub/Editor/2020.2.2f1/Editor/Data/MonoBleedingEdge/etc'
Using monoOptions --debugger-agent=transport=dt_socket,embedding=1,server=y,suspend=n,address=127.0.0.1:56856
Begin MonoManager ReloadAssembly
Registering precompiled unity dll's ...
Register platform support module: C:/Program Files/Unity/Hub/Editor/2020.2.2f1/Editor/Data/PlaybackEngines/MacStandaloneSupport/UnityEditor.OSXStandalone.Extensions.dll
Register platform support module: C:/Program Files/Unity/Hub/Editor/2020.2.2f1/Editor/Data/PlaybackEngines/WindowsStandaloneSupport/UnityEditor.WindowsStandalone.Extensions.dll
Register platform support module: C:/Program Files/Unity/Hub/Editor/2020.2.2f1/Editor/Data/PlaybackEngines/LinuxStandaloneSupport/UnityEditor.LinuxStandalone.Extensions.dll
Registered in 0.005244 seconds.
Native extension for LinuxStandalone target not found
Native extension for WindowsStandalone target not found
Native extension for OSXStandalone target not found
Refreshing native plugins compatible for Editor in 56.79 ms, found 1 plugins.
Preloading 0 native plugins for Editor in 0.00 ms.
Invoked RoslynAnalysisRunner static constructor.
RoslynAnalysisRunner will not be running.
RoslynAnalysisRunner has terminated.
Mono: successfully reloaded assembly
- Completed reload, in 12.108 seconds
Platform modules already initialized, skipping
Registering precompiled user dll's ...
Registered in 0.002367 seconds.
Begin MonoManager ReloadAssembly
Native extension for LinuxStandalone target not found
Native extension for WindowsStandalone target not found
Native extension for OSXStandalone target not found
Refreshing native plugins compatible for Editor in 60.39 ms, found 1 plugins.
Preloading 0 native plugins for Editor in 0.00 ms.
Invoked RoslynAnalysisRunner static constructor.
RoslynAnalysisRunner will not be running.
RoslynAnalysisRunner has terminated.
Mono: successfully reloaded assembly
- Completed reload, in  1.879 seconds
Platform modules already initialized, skipping
========================================================================
Worker process is ready to serve import requests
Launched and connected shader compiler UnityShaderCompiler.exe after 0.29 seconds
Refreshing native plugins compatible for Editor in 0.79 ms, found 1 plugins.
Preloading 0 native plugins for Editor in 0.00 ms.
Unloading 1795 Unused Serialized files (Serialized files now loaded: 0)
System memory in use before: 84.4 MB.
System memory in use after: 84.3 MB.

Unloading 24 unused Assets to reduce memory usage. Loaded Objects now: 2238.
Total: 4.849900 ms (FindLiveObjects: 0.794700 ms CreateObjectMapping: 0.248700 ms MarkObjects: 3.629400 ms  DeleteObjects: 0.173400 ms)

========================================================================
Received Import Request.
  path: Assets/sprites/Sprinter.png
  artifactKey: Guid(5855c11aea29c864cb9a909fbc9b09c4) Importer(815301076,1909f56bfc062723c751e8b465ee728b)
Start importing Assets/sprites/Sprinter.png using Guid(5855c11aea29c864cb9a909fbc9b09c4) Importer(815301076,1909f56bfc062723c751e8b465ee728b)  -> (artifact id: '63b44504247bfc93e5a451e6c356ce30') in 0.516377 seconds
  Import took 0.525222 seconds .

========================================================================
Received Import Request.
  Time since last request: 381.745223 seconds.
  path: Assets/Drafts/Digitop.png
  artifactKey: Guid(c7e535a8c96c3524288fd3436d08d744) Importer(815301076,1909f56bfc062723c751e8b465ee728b)
Start importing Assets/Drafts/Digitop.png using Guid(c7e535a8c96c3524288fd3436d08d744) Importer(815301076,1909f56bfc062723c751e8b465ee728b)  -> (artifact id: '9853fdf20771469a431d3f1088019877') in 0.041364 seconds
  Import took 0.046772 seconds .

========================================================================
Received Import Request.
  Time since last request: 9.844520 seconds.
  path: Assets/sprites/Sprinter.png
  artifactKey: Guid(5855c11aea29c864cb9a909fbc9b09c4) Importer(815301076,1909f56bfc062723c751e8b465ee728b)
Start importing Assets/sprites/Sprinter.png using Guid(5855c11aea29c864cb9a909fbc9b09c4) Importer(815301076,1909f56bfc062723c751e8b465ee728b)  -> (artifact id: '427f5fdb889383a8eeebb242c9a469a9') in 0.019374 seconds
  Import took 0.023956 seconds .

========================================================================
Received Import Request.
  Time since last request: 0.106537 seconds.
  path: Assets/sprites/Sprinter.png
  artifactKey: Guid(5855c11aea29c864cb9a909fbc9b09c4) Importer(815301076,1909f56bfc062723c751e8b465ee728b)
Start importing Assets/sprites/Sprinter.png using Guid(5855c11aea29c864cb9a909fbc9b09c4) Importer(815301076,1909f56bfc062723c751e8b465ee728b)  -> (artifact id: '427f5fdb889383a8eeebb242c9a469a9') in 0.024928 seconds
  Import took 0.029967 seconds .

========================================================================
Received Import Request.
  Time since last request: 56.247954 seconds.
  path: Assets/Images/Digi-Top.png
  artifactKey: Guid(e2f69a9bb72eaa74fbc0f666c8957dc1) Importer(815301076,1909f56bfc062723c751e8b465ee728b)
Start importing Assets/Images/Digi-Top.png using Guid(e2f69a9bb72eaa74fbc0f666c8957dc1) Importer(815301076,1909f56bfc062723c751e8b465ee728b)  -> (artifact id: '0e84ce591f02d075c8988a08bd91e0b1') in 0.064803 seconds
  Import took 0.071808 seconds .

========================================================================
Received Import Request.
  Time since last request: 109.708926 seconds.
  path: Assets/Images/Digi-Top.png
  artifactKey: Guid(e2f69a9bb72eaa74fbc0f666c8957dc1) Importer(815301076,1909f56bfc062723c751e8b465ee728b)
Start importing Assets/Images/Digi-Top.png using Guid(e2f69a9bb72eaa74fbc0f666c8957dc1) Importer(815301076,1909f56bfc062723c751e8b465ee728b)  -> (artifact id: 'cf68558b87037ddd01dec854b5f94020') in 0.071778 seconds
  Import took 0.078177 seconds .

========================================================================
Received Import Request.
  Time since last request: 150.556411 seconds.
  path: Assets/Images/Digi-Top.png
  artifactKey: Guid(e2f69a9bb72eaa74fbc0f666c8957dc1) Importer(815301076,1909f56bfc062723c751e8b465ee728b)
Start importing Assets/Images/Digi-Top.png using Guid(e2f69a9bb72eaa74fbc0f666c8957dc1) Importer(815301076,1909f56bfc062723c751e8b465ee728b)  -> (artifact id: '63e9ca9282c2723a037648363c1d46a4') in 0.057970 seconds
  Import took 0.065418 seconds .

========================================================================
Received Import Request.
  Time since last request: 92.675238 seconds.
  path: Assets/Images/Digi-Top.png
  artifactKey: Guid(e2f69a9bb72eaa74fbc0f666c8957dc1) Importer(815301076,1909f56bfc062723c751e8b465ee728b)
Start importing Assets/Images/Digi-Top.png using Guid(e2f69a9bb72eaa74fbc0f666c8957dc1) Importer(815301076,1909f56bfc062723c751e8b465ee728b)  -> (artifact id: '63b9eced9dbe53ba7adfd516bec6c13c') in 0.024106 seconds
  Import took 0.032414 seconds .

========================================================================
Received Prepare
Registering precompiled user dll's ...
Registered in 0.001696 seconds.
Begin MonoManager ReloadAssembly
Native extension for LinuxStandalone target not found
Native extension for WindowsStandalone target not found
Native extension for OSXStandalone target not found
Refreshing native plugins compatible for Editor in 1.65 ms, found 1 plugins.
Preloading 0 native plugins for Editor in 0.00 ms.
Invoked RoslynAnalysisRunner static constructor.
RoslynAnalysisRunner will not be running.
RoslynAnalysisRunner has terminated.
Mono: successfully reloaded assembly
- Completed reload, in  1.553 seconds
Platform modules already initialized, skipping
Refreshing native plugins compatible for Editor in 0.93 ms, found 1 plugins.
Preloading 0 native plugins for Editor in 0.00 ms.
Unloading 1790 Unused Serialized files (Serialized files now loaded: 0)
System memory in use before: 87.5 MB.
System memory in use after: 87.5 MB.

Unloading 12 unused Assets to reduce memory usage. Loaded Objects now: 2249.
Total: 3.675800 ms (FindLiveObjects: 0.439000 ms CreateObjectMapping: 0.098900 ms MarkObjects: 2.802200 ms  DeleteObjects: 0.222000 ms)

========================================================================
Received Import Request.
  Time since last request: 84.919254 seconds.
  path: Assets/sprites/Sprinter.png
  artifactKey: Guid(5855c11aea29c864cb9a909fbc9b09c4) Importer(815301076,1909f56bfc062723c751e8b465ee728b)
Start importing Assets/sprites/Sprinter.png using Guid(5855c11aea29c864cb9a909fbc9b09c4) Importer(815301076,1909f56bfc062723c751e8b465ee728b)  -> (artifact id: '0750c297072813b6eaf69bf8f848b0e1') in 0.093932 seconds
  Import took 0.099016 seconds .

========================================================================
Received Import Request.
  Time since last request: 2.088138 seconds.
  path: Assets/Scripts/Enemy.cs
  artifactKey: Guid(a254f8e4ab0f06842a7b06d12a4fa7b9) Importer(815301076,1909f56bfc062723c751e8b465ee728b)
Start importing Assets/Scripts/Enemy.cs using Guid(a254f8e4ab0f06842a7b06d12a4fa7b9) Importer(815301076,1909f56bfc062723c751e8b465ee728b)  -> (artifact id: '832383c1b9b25ea62bc7645266e2abec') in 0.071427 seconds
  Import took 0.076409 seconds .

========================================================================
Received Prepare
Registering precompiled user dll's ...
Registered in 0.003447 seconds.
Begin MonoManager ReloadAssembly
Native extension for LinuxStandalone target not found
Native extension for WindowsStandalone target not found
Native extension for OSXStandalone target not found
Refreshing native plugins compatible for Editor in 0.63 ms, found 1 plugins.
Preloading 0 native plugins for Editor in 0.00 ms.
Invoked RoslynAnalysisRunner static constructor.
RoslynAnalysisRunner will not be running.
RoslynAnalysisRunner has terminated.
Mono: successfully reloaded assembly
- Completed reload, in  1.657 seconds
Platform modules already initialized, skipping
Refreshing native plugins compatible for Editor in 0.50 ms, found 1 plugins.
Preloading 0 native plugins for Editor in 0.00 ms.
Unloading 1790 Unused Serialized files (Serialized files now loaded: 0)
System memory in use before: 87.6 MB.
System memory in use after: 87.6 MB.

Unloading 12 unused Assets to reduce memory usage. Loaded Objects now: 2253.
Total: 5.631600 ms (FindLiveObjects: 1.014500 ms CreateObjectMapping: 0.384900 ms MarkObjects: 4.037500 ms  DeleteObjects: 0.190900 ms)

========================================================================
Received Import Request.
  Time since last request: 78.244200 seconds.
  path: Assets/prefabs/Sprinter.prefab
  artifactKey: Guid(4351f58721866e24092499896e8850ad) Importer(815301076,1909f56bfc062723c751e8b465ee728b)
Start importing Assets/prefabs/Sprinter.prefab using Guid(4351f58721866e24092499896e8850ad) Importer(815301076,1909f56bfc062723c751e8b465ee728b)  -> (artifact id: '66f1faca1931827cab5c9d33d12531e4') in 0.199204 seconds
  Import took 0.205010 seconds .

========================================================================
Received Import Request.
  Time since last request: 62.931860 seconds.
  path: Assets/prefabs/Sprinter.prefab
  artifactKey: Guid(4351f58721866e24092499896e8850ad) Importer(815301076,1909f56bfc062723c751e8b465ee728b)
Start importing Assets/prefabs/Sprinter.prefab using Guid(4351f58721866e24092499896e8850ad) Importer(815301076,1909f56bfc062723c751e8b465ee728b)  -> (artifact id: '61aadb294975b33df070bcaad57ce7c2') in 0.030844 seconds
  Import took 0.037898 seconds .

========================================================================
Received Import Request.
  Time since last request: 6.498202 seconds.
  path: Assets/prefabs/Tank.prefab
  artifactKey: Guid(552f24bfb68d3e24b8bbe29a15556034) Importer(815301076,1909f56bfc062723c751e8b465ee728b)
Start importing Assets/prefabs/Tank.prefab using Guid(552f24bfb68d3e24b8bbe29a15556034) Importer(815301076,1909f56bfc062723c751e8b465ee728b)  -> (artifact id: 'a075441f896c9004b006809f944d56ec') in 0.082945 seconds
  Import took 0.091865 seconds .

========================================================================
Received Prepare
Registering precompiled user dll's ...
Registered in 0.001800 seconds.
Begin MonoManager ReloadAssembly
Native extension for LinuxStandalone target not found
Native extension for WindowsStandalone target not found
Native extension for OSXStandalone target not found
Refreshing native plugins compatible for Editor in 0.45 ms, found 1 plugins.
Preloading 0 native plugins for Editor in 0.00 ms.
Invoked RoslynAnalysisRunner static constructor.
RoslynAnalysisRunner will not be running.
RoslynAnalysisRunner has terminated.
Mono: successfully reloaded assembly
- Completed reload, in  1.481 seconds
Platform modules already initialized, skipping
Refreshing native plugins compatible for Editor in 0.45 ms, found 1 plugins.
Preloading 0 native plugins for Editor in 0.00 ms.
Unloading 1790 Unused Serialized files (Serialized files now loaded: 0)
System memory in use before: 87.7 MB.
System memory in use after: 87.7 MB.

Unloading 12 unused Assets to reduce memory usage. Loaded Objects now: 2261.
Total: 4.490200 ms (FindLiveObjects: 0.591800 ms CreateObjectMapping: 0.076000 ms MarkObjects: 3.652600 ms  DeleteObjects: 0.166800 ms)

========================================================================
Received Prepare
Registering precompiled user dll's ...
Registered in 0.001607 seconds.
Begin MonoManager ReloadAssembly
Native extension for LinuxStandalone target not found
Native extension for WindowsStandalone target not found
Native extension for OSXStandalone target not found
Refreshing native plugins compatible for Editor in 1.00 ms, found 1 plugins.
Preloading 0 native plugins for Editor in 0.00 ms.
Invoked RoslynAnalysisRunner static constructor.
RoslynAnalysisRunner will not be running.
RoslynAnalysisRunner has terminated.
Mono: successfully reloaded assembly
- Completed reload, in  1.392 seconds
Platform modules already initialized, skipping
Refreshing native plugins compatible for Editor in 1.60 ms, found 1 plugins.
Preloading 0 native plugins for Editor in 0.00 ms.
Unloading 1790 Unused Serialized files (Serialized files now loaded: 0)
System memory in use before: 87.8 MB.
System memory in use after: 87.8 MB.

Unloading 12 unused Assets to reduce memory usage. Loaded Objects now: 2264.
Total: 4.902700 ms (FindLiveObjects: 0.283200 ms CreateObjectMapping: 0.054400 ms MarkObjects: 4.266200 ms  DeleteObjects: 0.295600 ms)

========================================================================
Received Prepare
Registering precompiled user dll's ...
Registered in 0.002271 seconds.
Begin MonoManager ReloadAssembly
Native extension for LinuxStandalone target not found
Native extension for WindowsStandalone target not found
Native extension for OSXStandalone target not found
Refreshing native plugins compatible for Editor in 0.69 ms, found 1 plugins.
Preloading 0 native plugins for Editor in 0.00 ms.
Invoked RoslynAnalysisRunner static constructor.
RoslynAnalysisRunner will not be running.
RoslynAnalysisRunner has terminated.
Mono: successfully reloaded assembly
- Completed reload, in  1.715 seconds
Platform modules already initialized, skipping
Refreshing native plugins compatible for Editor in 0.76 ms, found 1 plugins.
Preloading 0 native plugins for Editor in 0.00 ms.
Unloading 1790 Unused Serialized files (Serialized files now loaded: 0)
System memory in use before: 87.9 MB.
System memory in use after: 87.9 MB.

Unloading 12 unused Assets to reduce memory usage. Loaded Objects now: 2267.
Total: 4.185600 ms (FindLiveObjects: 0.353700 ms CreateObjectMapping: 0.061200 ms MarkObjects: 3.574100 ms  DeleteObjects: 0.193600 ms)

========================================================================
Received Import Request.
  Time since last request: 61.944587 seconds.
  path: Assets/prefabs/Sprinter.prefab
  artifactKey: Guid(4351f58721866e24092499896e8850ad) Importer(815301076,1909f56bfc062723c751e8b465ee728b)
Start importing Assets/prefabs/Sprinter.prefab using Guid(4351f58721866e24092499896e8850ad) Importer(815301076,1909f56bfc062723c751e8b465ee728b)  -> (artifact id: '3fd29f60cd6c3ef96acf34460bf6177a') in 0.122473 seconds
  Import took 0.128094 seconds .

AssetImportWorkerClient::OnTransportError - code=2 error=End of file
