Using pre-set license
Built from '2020.2/release' branch; Version is '2020.2.2f1 (068178b99f32) revision 426360'; Using compiler version '192528614'; Build Type 'Release'
OS: 'Windows 10 Home; OS build 18363.1440; Version 1909; 64bit' Language: 'en' Physical Memory: 8119 MB
BatchMode: 1, IsHumanControllingUs: 0, StartBugReporterOnCrash: 0, Is64bit: 1, IsPro: 0

 COMMAND LINE ARGUMENTS:
C:\Program Files\Unity\Hub\Editor\2020.2.2f1\Editor\Unity.exe
-adb2
-batchMode
-noUpm
-name
AssetImportWorker0
-projectPath
C:/Users/sjacu/Documents/GitHub/4410GP/TowerWars
-logFile
Logs/AssetImportWorker0.log
-srvPort
55744
Successfully changed project path to: C:/Users/sjacu/Documents/GitHub/4410GP/TowerWars
C:/Users/sjacu/Documents/GitHub/4410GP/TowerWars
Using Asset Import Pipeline V2.
Refreshing native plugins compatible for Editor in 52.47 ms, found 1 plugins.
Preloading 0 native plugins for Editor in 0.00 ms.
Initialize engine version: 2020.2.2f1 (068178b99f32)
[Subsystems] Discovering subsystems at path C:/Program Files/Unity/Hub/Editor/2020.2.2f1/Editor/Data/Resources/UnitySubsystems
[Subsystems] Discovering subsystems at path C:/Users/sjacu/Documents/GitHub/4410GP/TowerWars/Assets
GfxDevice: creating device client; threaded=0
Direct3D:
    Version:  Direct3D 11.0 [level 11.1]
    Renderer: Radeon RX 580 Series (ID=0x67df)
    Vendor:   
    VRAM:     4075 MB
    Driver:   27.20.14501.18003
Initialize mono
Mono path[0] = 'C:/Program Files/Unity/Hub/Editor/2020.2.2f1/Editor/Data/Managed'
Mono path[1] = 'C:/Program Files/Unity/Hub/Editor/2020.2.2f1/Editor/Data/MonoBleedingEdge/lib/mono/unityjit'
Mono config path = 'C:/Program Files/Unity/Hub/Editor/2020.2.2f1/Editor/Data/MonoBleedingEdge/etc'
Using monoOptions --debugger-agent=transport=dt_socket,embedding=1,server=y,suspend=n,address=127.0.0.1:56896
Begin MonoManager ReloadAssembly
Registering precompiled unity dll's ...
Register platform support module: C:/Program Files/Unity/Hub/Editor/2020.2.2f1/Editor/Data/PlaybackEngines/MacStandaloneSupport/UnityEditor.OSXStandalone.Extensions.dll
Register platform support module: C:/Program Files/Unity/Hub/Editor/2020.2.2f1/Editor/Data/PlaybackEngines/WindowsStandaloneSupport/UnityEditor.WindowsStandalone.Extensions.dll
Register platform support module: C:/Program Files/Unity/Hub/Editor/2020.2.2f1/Editor/Data/PlaybackEngines/LinuxStandaloneSupport/UnityEditor.LinuxStandalone.Extensions.dll
Registered in 0.005370 seconds.
Native extension for LinuxStandalone target not found
Native extension for WindowsStandalone target not found
Native extension for OSXStandalone target not found
Refreshing native plugins compatible for Editor in 58.82 ms, found 1 plugins.
Preloading 0 native plugins for Editor in 0.00 ms.
Invoked RoslynAnalysisRunner static constructor.
RoslynAnalysisRunner will not be running.
RoslynAnalysisRunner has terminated.
Mono: successfully reloaded assembly
- Completed reload, in  3.394 seconds
Platform modules already initialized, skipping
Registering precompiled user dll's ...
Registered in 0.001703 seconds.
Begin MonoManager ReloadAssembly
Native extension for LinuxStandalone target not found
Native extension for WindowsStandalone target not found
Native extension for OSXStandalone target not found
Refreshing native plugins compatible for Editor in 54.94 ms, found 1 plugins.
Preloading 0 native plugins for Editor in 0.00 ms.
Invoked RoslynAnalysisRunner static constructor.
RoslynAnalysisRunner will not be running.
RoslynAnalysisRunner has terminated.
Mono: successfully reloaded assembly
- Completed reload, in  1.510 seconds
Platform modules already initialized, skipping
========================================================================
Worker process is ready to serve import requests
Launched and connected shader compiler UnityShaderCompiler.exe after 0.09 seconds
Refreshing native plugins compatible for Editor in 0.61 ms, found 1 plugins.
Preloading 0 native plugins for Editor in 0.00 ms.
Unloading 1795 Unused Serialized files (Serialized files now loaded: 0)
System memory in use before: 84.3 MB.
System memory in use after: 84.3 MB.

Unloading 24 unused Assets to reduce memory usage. Loaded Objects now: 2238.
Total: 3.668100 ms (FindLiveObjects: 0.253300 ms CreateObjectMapping: 0.061200 ms MarkObjects: 3.177300 ms  DeleteObjects: 0.174300 ms)

========================================================================
Received Import Request.
  path: Assets/Scripts/EnemyController.cs
  artifactKey: Guid(a51e323f99ce53445b55d295ab9c5ea8) Importer(815301076,1909f56bfc062723c751e8b465ee728b)
Start importing Assets/Scripts/EnemyController.cs using Guid(a51e323f99ce53445b55d295ab9c5ea8) Importer(815301076,1909f56bfc062723c751e8b465ee728b)  -> (artifact id: '3dd05a14c99dcd968655efae3fc8f77e') in 0.400583 seconds
  Import took 0.524606 seconds .

========================================================================
Received Prepare
Registering precompiled user dll's ...
Registered in 0.001764 seconds.
Begin MonoManager ReloadAssembly
Native extension for LinuxStandalone target not found
Native extension for WindowsStandalone target not found
Native extension for OSXStandalone target not found
Refreshing native plugins compatible for Editor in 0.44 ms, found 1 plugins.
Preloading 0 native plugins for Editor in 0.00 ms.
Invoked RoslynAnalysisRunner static constructor.
RoslynAnalysisRunner will not be running.
RoslynAnalysisRunner has terminated.
Mono: successfully reloaded assembly
- Completed reload, in  1.436 seconds
Platform modules already initialized, skipping
Refreshing native plugins compatible for Editor in 0.47 ms, found 1 plugins.
Preloading 0 native plugins for Editor in 0.00 ms.
Unloading 1790 Unused Serialized files (Serialized files now loaded: 0)
System memory in use before: 84.4 MB.
System memory in use after: 84.4 MB.

Unloading 12 unused Assets to reduce memory usage. Loaded Objects now: 2241.
Total: 4.516300 ms (FindLiveObjects: 0.929300 ms CreateObjectMapping: 0.227400 ms MarkObjects: 3.186100 ms  DeleteObjects: 0.167800 ms)

========================================================================
Received Prepare
Registering precompiled user dll's ...
Registered in 0.002163 seconds.
Begin MonoManager ReloadAssembly
Native extension for LinuxStandalone target not found
Native extension for WindowsStandalone target not found
Native extension for OSXStandalone target not found
Refreshing native plugins compatible for Editor in 1.35 ms, found 1 plugins.
Preloading 0 native plugins for Editor in 0.00 ms.
Invoked RoslynAnalysisRunner static constructor.
RoslynAnalysisRunner will not be running.
RoslynAnalysisRunner has terminated.
Mono: successfully reloaded assembly
- Completed reload, in  3.036 seconds
Platform modules already initialized, skipping
Refreshing native plugins compatible for Editor in 0.84 ms, found 1 plugins.
Preloading 0 native plugins for Editor in 0.00 ms.
Unloading 1790 Unused Serialized files (Serialized files now loaded: 0)
System memory in use before: 84.5 MB.
System memory in use after: 84.5 MB.

Unloading 12 unused Assets to reduce memory usage. Loaded Objects now: 2244.
Total: 33.560800 ms (FindLiveObjects: 0.944600 ms CreateObjectMapping: 0.282600 ms MarkObjects: 31.774700 ms  DeleteObjects: 0.554400 ms)

========================================================================
Received Prepare
Registering precompiled user dll's ...
Registered in 0.026471 seconds.
Begin MonoManager ReloadAssembly
Native extension for LinuxStandalone target not found
Native extension for WindowsStandalone target not found
Native extension for OSXStandalone target not found
Refreshing native plugins compatible for Editor in 1.63 ms, found 1 plugins.
Preloading 0 native plugins for Editor in 0.00 ms.
Invoked RoslynAnalysisRunner static constructor.
RoslynAnalysisRunner will not be running.
RoslynAnalysisRunner has terminated.
Mono: successfully reloaded assembly
- Completed reload, in  1.706 seconds
Platform modules already initialized, skipping
Refreshing native plugins compatible for Editor in 0.93 ms, found 1 plugins.
Preloading 0 native plugins for Editor in 0.00 ms.
Unloading 1790 Unused Serialized files (Serialized files now loaded: 0)
System memory in use before: 84.6 MB.
System memory in use after: 84.6 MB.

Unloading 12 unused Assets to reduce memory usage. Loaded Objects now: 2247.
Total: 5.341600 ms (FindLiveObjects: 2.033400 ms CreateObjectMapping: 0.300700 ms MarkObjects: 2.840900 ms  DeleteObjects: 0.153400 ms)

========================================================================
Received Prepare
Registering precompiled user dll's ...
Registered in 0.001772 seconds.
Begin MonoManager ReloadAssembly
Native extension for LinuxStandalone target not found
Native extension for WindowsStandalone target not found
Native extension for OSXStandalone target not found
Refreshing native plugins compatible for Editor in 0.81 ms, found 1 plugins.
Preloading 0 native plugins for Editor in 0.00 ms.
Invoked RoslynAnalysisRunner static constructor.
RoslynAnalysisRunner will not be running.
RoslynAnalysisRunner has terminated.
Mono: successfully reloaded assembly
- Completed reload, in  1.788 seconds
Platform modules already initialized, skipping
Refreshing native plugins compatible for Editor in 0.56 ms, found 1 plugins.
Preloading 0 native plugins for Editor in 0.00 ms.
Unloading 1790 Unused Serialized files (Serialized files now loaded: 0)
System memory in use before: 84.7 MB.
System memory in use after: 84.7 MB.

Unloading 12 unused Assets to reduce memory usage. Loaded Objects now: 2250.
Total: 4.308600 ms (FindLiveObjects: 0.330400 ms CreateObjectMapping: 0.053100 ms MarkObjects: 3.760700 ms  DeleteObjects: 0.161300 ms)

========================================================================
Received Prepare
Registering precompiled user dll's ...
Registered in 0.002902 seconds.
Begin MonoManager ReloadAssembly
Native extension for LinuxStandalone target not found
Native extension for WindowsStandalone target not found
Native extension for OSXStandalone target not found
Refreshing native plugins compatible for Editor in 0.93 ms, found 1 plugins.
Preloading 0 native plugins for Editor in 0.00 ms.
Invoked RoslynAnalysisRunner static constructor.
RoslynAnalysisRunner will not be running.
RoslynAnalysisRunner has terminated.
Mono: successfully reloaded assembly
- Completed reload, in  1.777 seconds
Platform modules already initialized, skipping
Refreshing native plugins compatible for Editor in 1.22 ms, found 1 plugins.
Preloading 0 native plugins for Editor in 0.00 ms.
Unloading 1790 Unused Serialized files (Serialized files now loaded: 0)
System memory in use before: 84.8 MB.
System memory in use after: 84.8 MB.

Unloading 12 unused Assets to reduce memory usage. Loaded Objects now: 2253.
Total: 4.764400 ms (FindLiveObjects: 0.465800 ms CreateObjectMapping: 0.117700 ms MarkObjects: 3.761000 ms  DeleteObjects: 0.416300 ms)

========================================================================
Received Prepare
Registering precompiled user dll's ...
Registered in 0.001795 seconds.
Begin MonoManager ReloadAssembly
Native extension for LinuxStandalone target not found
Native extension for WindowsStandalone target not found
Native extension for OSXStandalone target not found
Refreshing native plugins compatible for Editor in 1.52 ms, found 1 plugins.
Preloading 0 native plugins for Editor in 0.00 ms.
Invoked RoslynAnalysisRunner static constructor.
RoslynAnalysisRunner will not be running.
RoslynAnalysisRunner has terminated.
Mono: successfully reloaded assembly
- Completed reload, in  1.824 seconds
Platform modules already initialized, skipping
Refreshing native plugins compatible for Editor in 0.73 ms, found 1 plugins.
Preloading 0 native plugins for Editor in 0.00 ms.
Unloading 1790 Unused Serialized files (Serialized files now loaded: 0)
System memory in use before: 84.9 MB.
System memory in use after: 84.9 MB.

Unloading 12 unused Assets to reduce memory usage. Loaded Objects now: 2256.
Total: 4.315200 ms (FindLiveObjects: 0.287500 ms CreateObjectMapping: 0.053900 ms MarkObjects: 3.746600 ms  DeleteObjects: 0.224700 ms)

========================================================================
Received Prepare
Registering precompiled user dll's ...
Registered in 0.001676 seconds.
Begin MonoManager ReloadAssembly
Native extension for LinuxStandalone target not found
Native extension for WindowsStandalone target not found
Native extension for OSXStandalone target not found
Refreshing native plugins compatible for Editor in 2.09 ms, found 1 plugins.
Preloading 0 native plugins for Editor in 0.00 ms.
Invoked RoslynAnalysisRunner static constructor.
RoslynAnalysisRunner will not be running.
RoslynAnalysisRunner has terminated.
Mono: successfully reloaded assembly
- Completed reload, in  1.803 seconds
Platform modules already initialized, skipping
Refreshing native plugins compatible for Editor in 0.48 ms, found 1 plugins.
Preloading 0 native plugins for Editor in 0.00 ms.
Unloading 1790 Unused Serialized files (Serialized files now loaded: 0)
System memory in use before: 85.0 MB.
System memory in use after: 85.0 MB.

Unloading 12 unused Assets to reduce memory usage. Loaded Objects now: 2259.
Total: 7.239900 ms (FindLiveObjects: 0.312000 ms CreateObjectMapping: 0.062100 ms MarkObjects: 6.498600 ms  DeleteObjects: 0.362500 ms)

========================================================================
Received Prepare
Registering precompiled user dll's ...
Registered in 0.002737 seconds.
Begin MonoManager ReloadAssembly
Native extension for LinuxStandalone target not found
Native extension for WindowsStandalone target not found
Native extension for OSXStandalone target not found
Refreshing native plugins compatible for Editor in 1.05 ms, found 1 plugins.
Preloading 0 native plugins for Editor in 0.00 ms.
Invoked RoslynAnalysisRunner static constructor.
RoslynAnalysisRunner will not be running.
RoslynAnalysisRunner has terminated.
Mono: successfully reloaded assembly
- Completed reload, in  1.859 seconds
Platform modules already initialized, skipping
Refreshing native plugins compatible for Editor in 0.92 ms, found 1 plugins.
Preloading 0 native plugins for Editor in 0.00 ms.
Unloading 1790 Unused Serialized files (Serialized files now loaded: 0)
System memory in use before: 85.0 MB.
System memory in use after: 85.0 MB.

Unloading 12 unused Assets to reduce memory usage. Loaded Objects now: 2262.
Total: 7.547600 ms (FindLiveObjects: 0.680900 ms CreateObjectMapping: 0.174400 ms MarkObjects: 5.164200 ms  DeleteObjects: 1.491500 ms)

========================================================================
Received Prepare
Registering precompiled user dll's ...
Registered in 0.004431 seconds.
Begin MonoManager ReloadAssembly
Native extension for LinuxStandalone target not found
Native extension for WindowsStandalone target not found
Native extension for OSXStandalone target not found
Refreshing native plugins compatible for Editor in 2.03 ms, found 1 plugins.
Preloading 0 native plugins for Editor in 0.00 ms.
Invoked RoslynAnalysisRunner static constructor.
RoslynAnalysisRunner will not be running.
RoslynAnalysisRunner has terminated.
Mono: successfully reloaded assembly
- Completed reload, in  1.804 seconds
Platform modules already initialized, skipping
Refreshing native plugins compatible for Editor in 0.47 ms, found 1 plugins.
Preloading 0 native plugins for Editor in 0.00 ms.
Unloading 1790 Unused Serialized files (Serialized files now loaded: 0)
System memory in use before: 85.1 MB.
System memory in use after: 85.1 MB.

Unloading 12 unused Assets to reduce memory usage. Loaded Objects now: 2265.
Total: 4.620800 ms (FindLiveObjects: 0.811000 ms CreateObjectMapping: 0.143300 ms MarkObjects: 3.503300 ms  DeleteObjects: 0.157600 ms)

========================================================================
Received Prepare
Registering precompiled user dll's ...
Registered in 0.001778 seconds.
Begin MonoManager ReloadAssembly
Native extension for LinuxStandalone target not found
Native extension for WindowsStandalone target not found
Native extension for OSXStandalone target not found
Refreshing native plugins compatible for Editor in 0.83 ms, found 1 plugins.
Preloading 0 native plugins for Editor in 0.00 ms.
Invoked RoslynAnalysisRunner static constructor.
RoslynAnalysisRunner will not be running.
RoslynAnalysisRunner has terminated.
Mono: successfully reloaded assembly
- Completed reload, in  1.591 seconds
Platform modules already initialized, skipping
Refreshing native plugins compatible for Editor in 2.36 ms, found 1 plugins.
Preloading 0 native plugins for Editor in 0.00 ms.
Unloading 1790 Unused Serialized files (Serialized files now loaded: 0)
System memory in use before: 85.2 MB.
System memory in use after: 85.2 MB.

Unloading 12 unused Assets to reduce memory usage. Loaded Objects now: 2268.
Total: 2.674200 ms (FindLiveObjects: 0.238500 ms CreateObjectMapping: 0.052700 ms MarkObjects: 2.239300 ms  DeleteObjects: 0.142100 ms)

========================================================================
Received Prepare
Registering precompiled user dll's ...
Registered in 0.005128 seconds.
Begin MonoManager ReloadAssembly
Native extension for LinuxStandalone target not found
Native extension for WindowsStandalone target not found
Native extension for OSXStandalone target not found
Refreshing native plugins compatible for Editor in 0.46 ms, found 1 plugins.
Preloading 0 native plugins for Editor in 0.00 ms.
Invoked RoslynAnalysisRunner static constructor.
RoslynAnalysisRunner will not be running.
RoslynAnalysisRunner has terminated.
Mono: successfully reloaded assembly
- Completed reload, in  1.700 seconds
Platform modules already initialized, skipping
Refreshing native plugins compatible for Editor in 0.60 ms, found 1 plugins.
Preloading 0 native plugins for Editor in 0.00 ms.
Unloading 1790 Unused Serialized files (Serialized files now loaded: 0)
System memory in use before: 85.3 MB.
System memory in use after: 85.3 MB.

Unloading 12 unused Assets to reduce memory usage. Loaded Objects now: 2271.
Total: 7.990600 ms (FindLiveObjects: 1.352600 ms CreateObjectMapping: 0.576300 ms MarkObjects: 5.850900 ms  DeleteObjects: 0.206800 ms)

========================================================================
Received Prepare
Registering precompiled user dll's ...
Registered in 0.002347 seconds.
Begin MonoManager ReloadAssembly
Native extension for LinuxStandalone target not found
Native extension for WindowsStandalone target not found
Native extension for OSXStandalone target not found
Refreshing native plugins compatible for Editor in 1.06 ms, found 1 plugins.
Preloading 0 native plugins for Editor in 0.00 ms.
Invoked RoslynAnalysisRunner static constructor.
RoslynAnalysisRunner will not be running.
RoslynAnalysisRunner has terminated.
Mono: successfully reloaded assembly
- Completed reload, in  1.766 seconds
Platform modules already initialized, skipping
Refreshing native plugins compatible for Editor in 0.52 ms, found 1 plugins.
Preloading 0 native plugins for Editor in 0.00 ms.
Unloading 1790 Unused Serialized files (Serialized files now loaded: 0)
System memory in use before: 85.4 MB.
System memory in use after: 85.4 MB.

Unloading 12 unused Assets to reduce memory usage. Loaded Objects now: 2274.
Total: 6.542200 ms (FindLiveObjects: 1.019200 ms CreateObjectMapping: 0.630200 ms MarkObjects: 4.644000 ms  DeleteObjects: 0.243700 ms)

========================================================================
Received Prepare
Registering precompiled user dll's ...
Registered in 0.010776 seconds.
Begin MonoManager ReloadAssembly
Native extension for LinuxStandalone target not found
Native extension for WindowsStandalone target not found
Native extension for OSXStandalone target not found
Refreshing native plugins compatible for Editor in 1.08 ms, found 1 plugins.
Preloading 0 native plugins for Editor in 0.00 ms.
Invoked RoslynAnalysisRunner static constructor.
RoslynAnalysisRunner will not be running.
RoslynAnalysisRunner has terminated.
Mono: successfully reloaded assembly
- Completed reload, in  2.136 seconds
Platform modules already initialized, skipping
Refreshing native plugins compatible for Editor in 1.20 ms, found 1 plugins.
Preloading 0 native plugins for Editor in 0.00 ms.
Unloading 1790 Unused Serialized files (Serialized files now loaded: 0)
System memory in use before: 85.5 MB.
System memory in use after: 85.5 MB.

Unloading 12 unused Assets to reduce memory usage. Loaded Objects now: 2277.
Total: 3.731600 ms (FindLiveObjects: 0.396300 ms CreateObjectMapping: 0.061700 ms MarkObjects: 2.923100 ms  DeleteObjects: 0.346300 ms)

========================================================================
Received Prepare
Registering precompiled user dll's ...
Registered in 0.003093 seconds.
Begin MonoManager ReloadAssembly
Native extension for LinuxStandalone target not found
Native extension for WindowsStandalone target not found
Native extension for OSXStandalone target not found
Refreshing native plugins compatible for Editor in 2.92 ms, found 1 plugins.
Preloading 0 native plugins for Editor in 0.00 ms.
Invoked RoslynAnalysisRunner static constructor.
RoslynAnalysisRunner will not be running.
RoslynAnalysisRunner has terminated.
Mono: successfully reloaded assembly
- Completed reload, in  2.215 seconds
Platform modules already initialized, skipping
Refreshing native plugins compatible for Editor in 0.87 ms, found 1 plugins.
Preloading 0 native plugins for Editor in 0.00 ms.
Unloading 1790 Unused Serialized files (Serialized files now loaded: 0)
System memory in use before: 85.6 MB.
System memory in use after: 85.5 MB.

Unloading 12 unused Assets to reduce memory usage. Loaded Objects now: 2280.
Total: 5.610900 ms (FindLiveObjects: 1.849300 ms CreateObjectMapping: 0.468600 ms MarkObjects: 2.930800 ms  DeleteObjects: 0.358100 ms)

========================================================================
Received Prepare
Registering precompiled user dll's ...
Registered in 0.006659 seconds.
Begin MonoManager ReloadAssembly
Native extension for LinuxStandalone target not found
Native extension for WindowsStandalone target not found
Native extension for OSXStandalone target not found
Refreshing native plugins compatible for Editor in 0.43 ms, found 1 plugins.
Preloading 0 native plugins for Editor in 0.00 ms.
Invoked RoslynAnalysisRunner static constructor.
RoslynAnalysisRunner will not be running.
RoslynAnalysisRunner has terminated.
Mono: successfully reloaded assembly
- Completed reload, in  1.660 seconds
Platform modules already initialized, skipping
Refreshing native plugins compatible for Editor in 0.44 ms, found 1 plugins.
Preloading 0 native plugins for Editor in 0.00 ms.
Unloading 1790 Unused Serialized files (Serialized files now loaded: 0)
System memory in use before: 85.6 MB.
System memory in use after: 85.6 MB.

Unloading 12 unused Assets to reduce memory usage. Loaded Objects now: 2283.
Total: 7.229500 ms (FindLiveObjects: 0.579000 ms CreateObjectMapping: 0.110800 ms MarkObjects: 6.165200 ms  DeleteObjects: 0.368100 ms)

========================================================================
Received Prepare
Registering precompiled user dll's ...
Registered in 0.005543 seconds.
Begin MonoManager ReloadAssembly
Native extension for LinuxStandalone target not found
Native extension for WindowsStandalone target not found
Native extension for OSXStandalone target not found
Refreshing native plugins compatible for Editor in 0.54 ms, found 1 plugins.
Preloading 0 native plugins for Editor in 0.00 ms.
Invoked RoslynAnalysisRunner static constructor.
RoslynAnalysisRunner will not be running.
RoslynAnalysisRunner has terminated.
Mono: successfully reloaded assembly
- Completed reload, in  1.571 seconds
Platform modules already initialized, skipping
Refreshing native plugins compatible for Editor in 0.74 ms, found 1 plugins.
Preloading 0 native plugins for Editor in 0.00 ms.
Unloading 1790 Unused Serialized files (Serialized files now loaded: 0)
System memory in use before: 85.7 MB.
System memory in use after: 85.7 MB.

Unloading 12 unused Assets to reduce memory usage. Loaded Objects now: 2286.
Total: 3.022300 ms (FindLiveObjects: 0.275900 ms CreateObjectMapping: 0.055600 ms MarkObjects: 2.437100 ms  DeleteObjects: 0.251400 ms)

========================================================================
Received Prepare
Registering precompiled user dll's ...
Registered in 0.002177 seconds.
Begin MonoManager ReloadAssembly
Native extension for LinuxStandalone target not found
Native extension for WindowsStandalone target not found
Native extension for OSXStandalone target not found
Refreshing native plugins compatible for Editor in 0.62 ms, found 1 plugins.
Preloading 0 native plugins for Editor in 0.00 ms.
Invoked RoslynAnalysisRunner static constructor.
RoslynAnalysisRunner will not be running.
RoslynAnalysisRunner has terminated.
Mono: successfully reloaded assembly
- Completed reload, in  1.657 seconds
Platform modules already initialized, skipping
Refreshing native plugins compatible for Editor in 0.46 ms, found 1 plugins.
Preloading 0 native plugins for Editor in 0.00 ms.
Unloading 1790 Unused Serialized files (Serialized files now loaded: 0)
System memory in use before: 85.8 MB.
System memory in use after: 85.8 MB.

Unloading 12 unused Assets to reduce memory usage. Loaded Objects now: 2289.
Total: 4.479400 ms (FindLiveObjects: 0.347100 ms CreateObjectMapping: 0.058000 ms MarkObjects: 3.834000 ms  DeleteObjects: 0.237400 ms)

========================================================================
Received Prepare
Registering precompiled user dll's ...
Registered in 0.001795 seconds.
Begin MonoManager ReloadAssembly
Native extension for LinuxStandalone target not found
Native extension for WindowsStandalone target not found
Native extension for OSXStandalone target not found
Refreshing native plugins compatible for Editor in 1.33 ms, found 1 plugins.
Preloading 0 native plugins for Editor in 0.00 ms.
Invoked RoslynAnalysisRunner static constructor.
RoslynAnalysisRunner will not be running.
RoslynAnalysisRunner has terminated.
Mono: successfully reloaded assembly
- Completed reload, in  1.841 seconds
Platform modules already initialized, skipping
Refreshing native plugins compatible for Editor in 0.47 ms, found 1 plugins.
Preloading 0 native plugins for Editor in 0.00 ms.
Unloading 1790 Unused Serialized files (Serialized files now loaded: 0)
System memory in use before: 85.9 MB.
System memory in use after: 85.9 MB.

Unloading 12 unused Assets to reduce memory usage. Loaded Objects now: 2292.
Total: 5.266100 ms (FindLiveObjects: 0.609300 ms CreateObjectMapping: 0.073500 ms MarkObjects: 4.385900 ms  DeleteObjects: 0.193900 ms)

========================================================================
Received Prepare
Registering precompiled user dll's ...
Registered in 0.027440 seconds.
Begin MonoManager ReloadAssembly
Native extension for LinuxStandalone target not found
Native extension for WindowsStandalone target not found
Native extension for OSXStandalone target not found
Refreshing native plugins compatible for Editor in 1.43 ms, found 1 plugins.
Preloading 0 native plugins for Editor in 0.00 ms.
Invoked RoslynAnalysisRunner static constructor.
RoslynAnalysisRunner will not be running.
RoslynAnalysisRunner has terminated.
Mono: successfully reloaded assembly
- Completed reload, in  1.789 seconds
Platform modules already initialized, skipping
Refreshing native plugins compatible for Editor in 1.53 ms, found 1 plugins.
Preloading 0 native plugins for Editor in 0.00 ms.
Unloading 1790 Unused Serialized files (Serialized files now loaded: 0)
System memory in use before: 86.0 MB.
System memory in use after: 86.0 MB.

Unloading 12 unused Assets to reduce memory usage. Loaded Objects now: 2295.
Total: 4.894000 ms (FindLiveObjects: 0.757700 ms CreateObjectMapping: 0.136000 ms MarkObjects: 3.798900 ms  DeleteObjects: 0.198300 ms)

========================================================================
Received Prepare
Registering precompiled user dll's ...
Registered in 0.002146 seconds.
Begin MonoManager ReloadAssembly
Native extension for LinuxStandalone target not found
Native extension for WindowsStandalone target not found
Native extension for OSXStandalone target not found
Refreshing native plugins compatible for Editor in 0.78 ms, found 1 plugins.
Preloading 0 native plugins for Editor in 0.00 ms.
Invoked RoslynAnalysisRunner static constructor.
RoslynAnalysisRunner will not be running.
RoslynAnalysisRunner has terminated.
Mono: successfully reloaded assembly
- Completed reload, in  1.895 seconds
Platform modules already initialized, skipping
Refreshing native plugins compatible for Editor in 1.07 ms, found 1 plugins.
Preloading 0 native plugins for Editor in 0.00 ms.
Unloading 1790 Unused Serialized files (Serialized files now loaded: 0)
System memory in use before: 86.1 MB.
System memory in use after: 86.1 MB.

Unloading 12 unused Assets to reduce memory usage. Loaded Objects now: 2298.
Total: 12.597500 ms (FindLiveObjects: 1.077200 ms CreateObjectMapping: 0.979100 ms MarkObjects: 10.244400 ms  DeleteObjects: 0.293000 ms)

========================================================================
Received Prepare
Registering precompiled user dll's ...
Registered in 0.004263 seconds.
Begin MonoManager ReloadAssembly
Native extension for LinuxStandalone target not found
Native extension for WindowsStandalone target not found
Native extension for OSXStandalone target not found
Refreshing native plugins compatible for Editor in 0.53 ms, found 1 plugins.
Preloading 0 native plugins for Editor in 0.00 ms.
Invoked RoslynAnalysisRunner static constructor.
RoslynAnalysisRunner will not be running.
RoslynAnalysisRunner has terminated.
Mono: successfully reloaded assembly
- Completed reload, in  1.714 seconds
Platform modules already initialized, skipping
Refreshing native plugins compatible for Editor in 1.35 ms, found 1 plugins.
Preloading 0 native plugins for Editor in 0.00 ms.
Unloading 1790 Unused Serialized files (Serialized files now loaded: 0)
System memory in use before: 86.1 MB.
System memory in use after: 86.1 MB.

Unloading 12 unused Assets to reduce memory usage. Loaded Objects now: 2301.
Total: 7.733900 ms (FindLiveObjects: 0.509400 ms CreateObjectMapping: 0.065700 ms MarkObjects: 6.844100 ms  DeleteObjects: 0.311000 ms)

========================================================================
Received Prepare
Registering precompiled user dll's ...
Registered in 0.002504 seconds.
Begin MonoManager ReloadAssembly
Native extension for LinuxStandalone target not found
Native extension for WindowsStandalone target not found
Native extension for OSXStandalone target not found
Refreshing native plugins compatible for Editor in 0.92 ms, found 1 plugins.
Preloading 0 native plugins for Editor in 0.00 ms.
Invoked RoslynAnalysisRunner static constructor.
RoslynAnalysisRunner will not be running.
RoslynAnalysisRunner has terminated.
Mono: successfully reloaded assembly
- Completed reload, in  1.780 seconds
Platform modules already initialized, skipping
Refreshing native plugins compatible for Editor in 0.55 ms, found 1 plugins.
Preloading 0 native plugins for Editor in 0.00 ms.
Unloading 1790 Unused Serialized files (Serialized files now loaded: 0)
System memory in use before: 86.2 MB.
System memory in use after: 86.2 MB.

Unloading 12 unused Assets to reduce memory usage. Loaded Objects now: 2304.
Total: 6.855300 ms (FindLiveObjects: 0.460400 ms CreateObjectMapping: 0.237900 ms MarkObjects: 5.891300 ms  DeleteObjects: 0.261700 ms)

========================================================================
Received Prepare
Registering precompiled user dll's ...
Registered in 0.003438 seconds.
Begin MonoManager ReloadAssembly
Native extension for LinuxStandalone target not found
Native extension for WindowsStandalone target not found
Native extension for OSXStandalone target not found
Refreshing native plugins compatible for Editor in 0.93 ms, found 1 plugins.
Preloading 0 native plugins for Editor in 0.00 ms.
Invoked RoslynAnalysisRunner static constructor.
RoslynAnalysisRunner will not be running.
RoslynAnalysisRunner has terminated.
Mono: successfully reloaded assembly
- Completed reload, in  1.794 seconds
Platform modules already initialized, skipping
Refreshing native plugins compatible for Editor in 0.77 ms, found 1 plugins.
Preloading 0 native plugins for Editor in 0.00 ms.
Unloading 1790 Unused Serialized files (Serialized files now loaded: 0)
System memory in use before: 86.3 MB.
System memory in use after: 86.3 MB.

Unloading 12 unused Assets to reduce memory usage. Loaded Objects now: 2307.
Total: 6.044200 ms (FindLiveObjects: 0.478700 ms CreateObjectMapping: 0.075700 ms MarkObjects: 5.263200 ms  DeleteObjects: 0.223500 ms)

========================================================================
Received Prepare
Registering precompiled user dll's ...
Registered in 0.002753 seconds.
Begin MonoManager ReloadAssembly
Native extension for LinuxStandalone target not found
Native extension for WindowsStandalone target not found
Native extension for OSXStandalone target not found
Refreshing native plugins compatible for Editor in 0.64 ms, found 1 plugins.
Preloading 0 native plugins for Editor in 0.00 ms.
Invoked RoslynAnalysisRunner static constructor.
RoslynAnalysisRunner will not be running.
RoslynAnalysisRunner has terminated.
Mono: successfully reloaded assembly
- Completed reload, in  1.785 seconds
Platform modules already initialized, skipping
Refreshing native plugins compatible for Editor in 0.81 ms, found 1 plugins.
Preloading 0 native plugins for Editor in 0.00 ms.
Unloading 1790 Unused Serialized files (Serialized files now loaded: 0)
System memory in use before: 86.4 MB.
System memory in use after: 86.4 MB.

Unloading 12 unused Assets to reduce memory usage. Loaded Objects now: 2310.
Total: 4.317800 ms (FindLiveObjects: 0.456800 ms CreateObjectMapping: 0.070000 ms MarkObjects: 3.604300 ms  DeleteObjects: 0.183100 ms)

========================================================================
Received Prepare
Registering precompiled user dll's ...
Registered in 0.004394 seconds.
Begin MonoManager ReloadAssembly
Native extension for LinuxStandalone target not found
Native extension for WindowsStandalone target not found
Native extension for OSXStandalone target not found
Refreshing native plugins compatible for Editor in 3.49 ms, found 1 plugins.
Preloading 0 native plugins for Editor in 0.00 ms.
Invoked RoslynAnalysisRunner static constructor.
RoslynAnalysisRunner will not be running.
RoslynAnalysisRunner has terminated.
Mono: successfully reloaded assembly
- Completed reload, in  3.639 seconds
Platform modules already initialized, skipping
Refreshing native plugins compatible for Editor in 1.31 ms, found 1 plugins.
Preloading 0 native plugins for Editor in 0.00 ms.
Unloading 1790 Unused Serialized files (Serialized files now loaded: 0)
System memory in use before: 86.5 MB.
System memory in use after: 86.5 MB.

Unloading 12 unused Assets to reduce memory usage. Loaded Objects now: 2313.
Total: 6.068400 ms (FindLiveObjects: 0.516600 ms CreateObjectMapping: 0.124100 ms MarkObjects: 5.030800 ms  DeleteObjects: 0.392800 ms)

========================================================================
Received Prepare
Registering precompiled user dll's ...
Registered in 0.002877 seconds.
Begin MonoManager ReloadAssembly
Native extension for LinuxStandalone target not found
Native extension for WindowsStandalone target not found
Native extension for OSXStandalone target not found
Refreshing native plugins compatible for Editor in 1.20 ms, found 1 plugins.
Preloading 0 native plugins for Editor in 0.00 ms.
Invoked RoslynAnalysisRunner static constructor.
RoslynAnalysisRunner will not be running.
RoslynAnalysisRunner has terminated.
Mono: successfully reloaded assembly
- Completed reload, in  2.713 seconds
Platform modules already initialized, skipping
Refreshing native plugins compatible for Editor in 0.69 ms, found 1 plugins.
Preloading 0 native plugins for Editor in 0.00 ms.
Unloading 1790 Unused Serialized files (Serialized files now loaded: 0)
System memory in use before: 85.6 MB.
System memory in use after: 85.6 MB.

Unloading 12 unused Assets to reduce memory usage. Loaded Objects now: 2316.
Total: 3.471700 ms (FindLiveObjects: 0.336400 ms CreateObjectMapping: 0.064200 ms MarkObjects: 2.903500 ms  DeleteObjects: 0.165400 ms)

========================================================================
Received Prepare
Registering precompiled user dll's ...
Registered in 0.002251 seconds.
Begin MonoManager ReloadAssembly
Native extension for LinuxStandalone target not found
Native extension for WindowsStandalone target not found
Native extension for OSXStandalone target not found
Refreshing native plugins compatible for Editor in 0.69 ms, found 1 plugins.
Preloading 0 native plugins for Editor in 0.00 ms.
Invoked RoslynAnalysisRunner static constructor.
RoslynAnalysisRunner will not be running.
RoslynAnalysisRunner has terminated.
Mono: successfully reloaded assembly
- Completed reload, in  2.051 seconds
Platform modules already initialized, skipping
Refreshing native plugins compatible for Editor in 1.28 ms, found 1 plugins.
Preloading 0 native plugins for Editor in 0.00 ms.
Unloading 1790 Unused Serialized files (Serialized files now loaded: 0)
System memory in use before: 85.7 MB.
System memory in use after: 85.7 MB.

Unloading 12 unused Assets to reduce memory usage. Loaded Objects now: 2319.
Total: 5.415600 ms (FindLiveObjects: 0.389400 ms CreateObjectMapping: 0.059900 ms MarkObjects: 4.720600 ms  DeleteObjects: 0.243300 ms)

========================================================================
Received Prepare
Registering precompiled user dll's ...
Registered in 0.005702 seconds.
Begin MonoManager ReloadAssembly
Native extension for LinuxStandalone target not found
Native extension for WindowsStandalone target not found
Native extension for OSXStandalone target not found
Refreshing native plugins compatible for Editor in 1.23 ms, found 1 plugins.
Preloading 0 native plugins for Editor in 0.00 ms.
Invoked RoslynAnalysisRunner static constructor.
RoslynAnalysisRunner will not be running.
RoslynAnalysisRunner has terminated.
Mono: successfully reloaded assembly
- Completed reload, in  2.700 seconds
Platform modules already initialized, skipping
Refreshing native plugins compatible for Editor in 0.45 ms, found 1 plugins.
Preloading 0 native plugins for Editor in 0.00 ms.
Unloading 1790 Unused Serialized files (Serialized files now loaded: 0)
System memory in use before: 85.7 MB.
System memory in use after: 85.7 MB.

Unloading 12 unused Assets to reduce memory usage. Loaded Objects now: 2322.
Total: 11.796900 ms (FindLiveObjects: 0.676400 ms CreateObjectMapping: 0.698000 ms MarkObjects: 10.249500 ms  DeleteObjects: 0.169500 ms)

========================================================================
Received Prepare
Registering precompiled user dll's ...
Registered in 0.003259 seconds.
Begin MonoManager ReloadAssembly
Native extension for LinuxStandalone target not found
Native extension for WindowsStandalone target not found
Native extension for OSXStandalone target not found
Refreshing native plugins compatible for Editor in 0.96 ms, found 1 plugins.
Preloading 0 native plugins for Editor in 0.00 ms.
Invoked RoslynAnalysisRunner static constructor.
RoslynAnalysisRunner will not be running.
RoslynAnalysisRunner has terminated.
Mono: successfully reloaded assembly
- Completed reload, in  2.057 seconds
Platform modules already initialized, skipping
Refreshing native plugins compatible for Editor in 0.67 ms, found 1 plugins.
Preloading 0 native plugins for Editor in 0.00 ms.
Unloading 1790 Unused Serialized files (Serialized files now loaded: 0)
System memory in use before: 85.8 MB.
System memory in use after: 85.8 MB.

Unloading 12 unused Assets to reduce memory usage. Loaded Objects now: 2325.
Total: 4.356500 ms (FindLiveObjects: 0.966100 ms CreateObjectMapping: 0.258400 ms MarkObjects: 2.912000 ms  DeleteObjects: 0.216000 ms)

========================================================================
Received Prepare
Registering precompiled user dll's ...
Registered in 0.001873 seconds.
Begin MonoManager ReloadAssembly
Native extension for LinuxStandalone target not found
Native extension for WindowsStandalone target not found
Native extension for OSXStandalone target not found
Refreshing native plugins compatible for Editor in 1.04 ms, found 1 plugins.
Preloading 0 native plugins for Editor in 0.00 ms.
Invoked RoslynAnalysisRunner static constructor.
RoslynAnalysisRunner will not be running.
RoslynAnalysisRunner has terminated.
Mono: successfully reloaded assembly
- Completed reload, in  1.828 seconds
Platform modules already initialized, skipping
Refreshing native plugins compatible for Editor in 0.46 ms, found 1 plugins.
Preloading 0 native plugins for Editor in 0.00 ms.
Unloading 1790 Unused Serialized files (Serialized files now loaded: 0)
System memory in use before: 85.9 MB.
System memory in use after: 85.9 MB.

Unloading 12 unused Assets to reduce memory usage. Loaded Objects now: 2328.
Total: 4.966500 ms (FindLiveObjects: 0.445400 ms CreateObjectMapping: 0.060600 ms MarkObjects: 4.102900 ms  DeleteObjects: 0.353600 ms)

========================================================================
Received Prepare
Registering precompiled user dll's ...
Registered in 0.002158 seconds.
Begin MonoManager ReloadAssembly
Native extension for LinuxStandalone target not found
Native extension for WindowsStandalone target not found
Native extension for OSXStandalone target not found
Refreshing native plugins compatible for Editor in 1.72 ms, found 1 plugins.
Preloading 0 native plugins for Editor in 0.00 ms.
Invoked RoslynAnalysisRunner static constructor.
RoslynAnalysisRunner will not be running.
RoslynAnalysisRunner has terminated.
Mono: successfully reloaded assembly
- Completed reload, in  1.891 seconds
Platform modules already initialized, skipping
Refreshing native plugins compatible for Editor in 0.83 ms, found 1 plugins.
Preloading 0 native plugins for Editor in 0.00 ms.
Unloading 1790 Unused Serialized files (Serialized files now loaded: 0)
System memory in use before: 86.0 MB.
System memory in use after: 86.0 MB.

Unloading 12 unused Assets to reduce memory usage. Loaded Objects now: 2331.
Total: 5.877800 ms (FindLiveObjects: 0.420800 ms CreateObjectMapping: 0.061200 ms MarkObjects: 4.831700 ms  DeleteObjects: 0.560500 ms)

========================================================================
Received Prepare
Registering precompiled user dll's ...
Registered in 0.001778 seconds.
Begin MonoManager ReloadAssembly
Native extension for LinuxStandalone target not found
Native extension for WindowsStandalone target not found
Native extension for OSXStandalone target not found
Refreshing native plugins compatible for Editor in 0.53 ms, found 1 plugins.
Preloading 0 native plugins for Editor in 0.00 ms.
Invoked RoslynAnalysisRunner static constructor.
RoslynAnalysisRunner will not be running.
RoslynAnalysisRunner has terminated.
Mono: successfully reloaded assembly
- Completed reload, in  1.803 seconds
Platform modules already initialized, skipping
Refreshing native plugins compatible for Editor in 0.60 ms, found 1 plugins.
Preloading 0 native plugins for Editor in 0.00 ms.
Unloading 1790 Unused Serialized files (Serialized files now loaded: 0)
System memory in use before: 86.1 MB.
System memory in use after: 86.1 MB.

Unloading 12 unused Assets to reduce memory usage. Loaded Objects now: 2334.
Total: 4.506800 ms (FindLiveObjects: 0.523400 ms CreateObjectMapping: 0.089600 ms MarkObjects: 3.334600 ms  DeleteObjects: 0.555400 ms)

========================================================================
Received Prepare
Registering precompiled user dll's ...
Registered in 0.002136 seconds.
Begin MonoManager ReloadAssembly
Native extension for LinuxStandalone target not found
Native extension for WindowsStandalone target not found
Native extension for OSXStandalone target not found
Refreshing native plugins compatible for Editor in 0.59 ms, found 1 plugins.
Preloading 0 native plugins for Editor in 0.00 ms.
Invoked RoslynAnalysisRunner static constructor.
RoslynAnalysisRunner will not be running.
RoslynAnalysisRunner has terminated.
Mono: successfully reloaded assembly
- Completed reload, in  1.873 seconds
Platform modules already initialized, skipping
Refreshing native plugins compatible for Editor in 0.73 ms, found 1 plugins.
Preloading 0 native plugins for Editor in 0.00 ms.
Unloading 1790 Unused Serialized files (Serialized files now loaded: 0)
System memory in use before: 86.2 MB.
System memory in use after: 86.2 MB.

Unloading 12 unused Assets to reduce memory usage. Loaded Objects now: 2337.
Total: 3.227800 ms (FindLiveObjects: 0.477800 ms CreateObjectMapping: 0.059500 ms MarkObjects: 2.523600 ms  DeleteObjects: 0.164600 ms)

========================================================================
Received Prepare
Registering precompiled user dll's ...
Registered in 0.002385 seconds.
Begin MonoManager ReloadAssembly
Native extension for LinuxStandalone target not found
Native extension for WindowsStandalone target not found
Native extension for OSXStandalone target not found
Refreshing native plugins compatible for Editor in 0.68 ms, found 1 plugins.
Preloading 0 native plugins for Editor in 0.00 ms.
Invoked RoslynAnalysisRunner static constructor.
RoslynAnalysisRunner will not be running.
RoslynAnalysisRunner has terminated.
Mono: successfully reloaded assembly
- Completed reload, in  1.653 seconds
Platform modules already initialized, skipping
Refreshing native plugins compatible for Editor in 0.56 ms, found 1 plugins.
Preloading 0 native plugins for Editor in 0.00 ms.
Unloading 1790 Unused Serialized files (Serialized files now loaded: 0)
System memory in use before: 86.2 MB.
System memory in use after: 86.2 MB.

Unloading 12 unused Assets to reduce memory usage. Loaded Objects now: 2340.
Total: 4.675200 ms (FindLiveObjects: 0.562000 ms CreateObjectMapping: 0.068600 ms MarkObjects: 3.867300 ms  DeleteObjects: 0.174400 ms)

========================================================================
Received Prepare
Registering precompiled user dll's ...
Registered in 0.004073 seconds.
Begin MonoManager ReloadAssembly
Native extension for LinuxStandalone target not found
Native extension for WindowsStandalone target not found
Native extension for OSXStandalone target not found
Refreshing native plugins compatible for Editor in 1.51 ms, found 1 plugins.
Preloading 0 native plugins for Editor in 0.00 ms.
Invoked RoslynAnalysisRunner static constructor.
RoslynAnalysisRunner will not be running.
RoslynAnalysisRunner has terminated.
Mono: successfully reloaded assembly
- Completed reload, in  2.065 seconds
Platform modules already initialized, skipping
Refreshing native plugins compatible for Editor in 0.55 ms, found 1 plugins.
Preloading 0 native plugins for Editor in 0.00 ms.
Unloading 1790 Unused Serialized files (Serialized files now loaded: 0)
System memory in use before: 86.3 MB.
System memory in use after: 86.3 MB.

Unloading 12 unused Assets to reduce memory usage. Loaded Objects now: 2343.
Total: 7.346300 ms (FindLiveObjects: 0.434600 ms CreateObjectMapping: 0.072600 ms MarkObjects: 6.465100 ms  DeleteObjects: 0.368700 ms)

========================================================================
Received Prepare
Registering precompiled user dll's ...
Registered in 0.001769 seconds.
Begin MonoManager ReloadAssembly
Native extension for LinuxStandalone target not found
Native extension for WindowsStandalone target not found
Native extension for OSXStandalone target not found
Refreshing native plugins compatible for Editor in 1.35 ms, found 1 plugins.
Preloading 0 native plugins for Editor in 0.00 ms.
Invoked RoslynAnalysisRunner static constructor.
RoslynAnalysisRunner will not be running.
RoslynAnalysisRunner has terminated.
Mono: successfully reloaded assembly
- Completed reload, in  2.060 seconds
Platform modules already initialized, skipping
Refreshing native plugins compatible for Editor in 0.69 ms, found 1 plugins.
Preloading 0 native plugins for Editor in 0.00 ms.
Unloading 1790 Unused Serialized files (Serialized files now loaded: 0)
System memory in use before: 86.4 MB.
System memory in use after: 86.4 MB.

Unloading 12 unused Assets to reduce memory usage. Loaded Objects now: 2346.
Total: 5.051700 ms (FindLiveObjects: 0.687000 ms CreateObjectMapping: 0.144300 ms MarkObjects: 3.661400 ms  DeleteObjects: 0.552300 ms)

========================================================================
Received Prepare
Registering precompiled user dll's ...
Registered in 0.006435 seconds.
Begin MonoManager ReloadAssembly
Native extension for LinuxStandalone target not found
Native extension for WindowsStandalone target not found
Native extension for OSXStandalone target not found
Refreshing native plugins compatible for Editor in 0.51 ms, found 1 plugins.
Preloading 0 native plugins for Editor in 0.00 ms.
Invoked RoslynAnalysisRunner static constructor.
RoslynAnalysisRunner will not be running.
RoslynAnalysisRunner has terminated.
Mono: successfully reloaded assembly
- Completed reload, in  1.852 seconds
Platform modules already initialized, skipping
Refreshing native plugins compatible for Editor in 0.55 ms, found 1 plugins.
Preloading 0 native plugins for Editor in 0.00 ms.
Unloading 1790 Unused Serialized files (Serialized files now loaded: 0)
System memory in use before: 86.5 MB.
System memory in use after: 86.5 MB.

Unloading 12 unused Assets to reduce memory usage. Loaded Objects now: 2349.
Total: 3.116400 ms (FindLiveObjects: 0.441100 ms CreateObjectMapping: 0.072900 ms MarkObjects: 2.447600 ms  DeleteObjects: 0.153200 ms)

========================================================================
Received Prepare
Registering precompiled user dll's ...
Registered in 0.002207 seconds.
Begin MonoManager ReloadAssembly
Native extension for LinuxStandalone target not found
Native extension for WindowsStandalone target not found
Native extension for OSXStandalone target not found
Refreshing native plugins compatible for Editor in 1.80 ms, found 1 plugins.
Preloading 0 native plugins for Editor in 0.00 ms.
Invoked RoslynAnalysisRunner static constructor.
RoslynAnalysisRunner will not be running.
RoslynAnalysisRunner has terminated.
Mono: successfully reloaded assembly
- Completed reload, in  1.941 seconds
Platform modules already initialized, skipping
Refreshing native plugins compatible for Editor in 1.58 ms, found 1 plugins.
Preloading 0 native plugins for Editor in 0.00 ms.
Unloading 1790 Unused Serialized files (Serialized files now loaded: 0)
System memory in use before: 86.6 MB.
System memory in use after: 86.6 MB.

Unloading 12 unused Assets to reduce memory usage. Loaded Objects now: 2352.
Total: 9.125600 ms (FindLiveObjects: 0.621500 ms CreateObjectMapping: 0.114700 ms MarkObjects: 7.917800 ms  DeleteObjects: 0.466200 ms)

========================================================================
Received Prepare
Registering precompiled user dll's ...
Registered in 0.008297 seconds.
Begin MonoManager ReloadAssembly
Native extension for LinuxStandalone target not found
Native extension for WindowsStandalone target not found
Native extension for OSXStandalone target not found
Refreshing native plugins compatible for Editor in 1.01 ms, found 1 plugins.
Preloading 0 native plugins for Editor in 0.00 ms.
Invoked RoslynAnalysisRunner static constructor.
RoslynAnalysisRunner will not be running.
RoslynAnalysisRunner has terminated.
Mono: successfully reloaded assembly
- Completed reload, in  2.547 seconds
Platform modules already initialized, skipping
Refreshing native plugins compatible for Editor in 2.38 ms, found 1 plugins.
Preloading 0 native plugins for Editor in 0.00 ms.
Unloading 1790 Unused Serialized files (Serialized files now loaded: 0)
System memory in use before: 85.7 MB.
System memory in use after: 85.7 MB.

Unloading 12 unused Assets to reduce memory usage. Loaded Objects now: 2355.
Total: 17.144200 ms (FindLiveObjects: 0.532900 ms CreateObjectMapping: 0.113500 ms MarkObjects: 16.288700 ms  DeleteObjects: 0.205200 ms)

========================================================================
Received Prepare
Registering precompiled user dll's ...
Registered in 0.001897 seconds.
Begin MonoManager ReloadAssembly
Native extension for LinuxStandalone target not found
Native extension for WindowsStandalone target not found
Native extension for OSXStandalone target not found
Refreshing native plugins compatible for Editor in 1.31 ms, found 1 plugins.
Preloading 0 native plugins for Editor in 0.00 ms.
Invoked RoslynAnalysisRunner static constructor.
RoslynAnalysisRunner will not be running.
RoslynAnalysisRunner has terminated.
Mono: successfully reloaded assembly
- Completed reload, in  2.482 seconds
Platform modules already initialized, skipping
Refreshing native plugins compatible for Editor in 0.97 ms, found 1 plugins.
Preloading 0 native plugins for Editor in 0.00 ms.
Unloading 1790 Unused Serialized files (Serialized files now loaded: 0)
System memory in use before: 85.8 MB.
System memory in use after: 85.8 MB.

Unloading 12 unused Assets to reduce memory usage. Loaded Objects now: 2358.
Total: 8.954600 ms (FindLiveObjects: 1.665200 ms CreateObjectMapping: 0.323300 ms MarkObjects: 6.715700 ms  DeleteObjects: 0.246000 ms)

========================================================================
Received Prepare
Registering precompiled user dll's ...
Registered in 0.001999 seconds.
Begin MonoManager ReloadAssembly
Native extension for LinuxStandalone target not found
Native extension for WindowsStandalone target not found
Native extension for OSXStandalone target not found
Refreshing native plugins compatible for Editor in 0.56 ms, found 1 plugins.
Preloading 0 native plugins for Editor in 0.00 ms.
Invoked RoslynAnalysisRunner static constructor.
RoslynAnalysisRunner will not be running.
RoslynAnalysisRunner has terminated.
Mono: successfully reloaded assembly
- Completed reload, in  1.708 seconds
Platform modules already initialized, skipping
Refreshing native plugins compatible for Editor in 0.59 ms, found 1 plugins.
Preloading 0 native plugins for Editor in 0.00 ms.
Unloading 1790 Unused Serialized files (Serialized files now loaded: 0)
System memory in use before: 85.9 MB.
System memory in use after: 85.9 MB.

Unloading 12 unused Assets to reduce memory usage. Loaded Objects now: 2361.
Total: 5.721800 ms (FindLiveObjects: 0.336800 ms CreateObjectMapping: 0.058900 ms MarkObjects: 5.107700 ms  DeleteObjects: 0.215700 ms)

========================================================================
Received Prepare
Registering precompiled user dll's ...
Registered in 0.002601 seconds.
Begin MonoManager ReloadAssembly
Native extension for LinuxStandalone target not found
Native extension for WindowsStandalone target not found
Native extension for OSXStandalone target not found
Refreshing native plugins compatible for Editor in 0.92 ms, found 1 plugins.
Preloading 0 native plugins for Editor in 0.00 ms.
Invoked RoslynAnalysisRunner static constructor.
RoslynAnalysisRunner will not be running.
RoslynAnalysisRunner has terminated.
Mono: successfully reloaded assembly
- Completed reload, in  1.361 seconds
Platform modules already initialized, skipping
Refreshing native plugins compatible for Editor in 0.77 ms, found 1 plugins.
Preloading 0 native plugins for Editor in 0.00 ms.
Unloading 1790 Unused Serialized files (Serialized files now loaded: 0)
System memory in use before: 85.9 MB.
System memory in use after: 85.9 MB.

Unloading 12 unused Assets to reduce memory usage. Loaded Objects now: 2364.
Total: 3.151600 ms (FindLiveObjects: 0.278000 ms CreateObjectMapping: 0.062900 ms MarkObjects: 2.657800 ms  DeleteObjects: 0.151300 ms)

========================================================================
Received Prepare
Registering precompiled user dll's ...
Registered in 0.001942 seconds.
Begin MonoManager ReloadAssembly
Native extension for LinuxStandalone target not found
Native extension for WindowsStandalone target not found
Native extension for OSXStandalone target not found
Refreshing native plugins compatible for Editor in 0.96 ms, found 1 plugins.
Preloading 0 native plugins for Editor in 0.00 ms.
Invoked RoslynAnalysisRunner static constructor.
RoslynAnalysisRunner will not be running.
RoslynAnalysisRunner has terminated.
Mono: successfully reloaded assembly
- Completed reload, in  2.151 seconds
Platform modules already initialized, skipping
Refreshing native plugins compatible for Editor in 1.50 ms, found 1 plugins.
Preloading 0 native plugins for Editor in 0.00 ms.
Unloading 1790 Unused Serialized files (Serialized files now loaded: 0)
System memory in use before: 86.0 MB.
System memory in use after: 86.0 MB.

Unloading 12 unused Assets to reduce memory usage. Loaded Objects now: 2367.
Total: 8.774300 ms (FindLiveObjects: 1.231100 ms CreateObjectMapping: 0.249700 ms MarkObjects: 7.032400 ms  DeleteObjects: 0.257400 ms)

========================================================================
Received Prepare
Registering precompiled user dll's ...
Registered in 0.002536 seconds.
Begin MonoManager ReloadAssembly
Native extension for LinuxStandalone target not found
Native extension for WindowsStandalone target not found
Native extension for OSXStandalone target not found
Refreshing native plugins compatible for Editor in 0.81 ms, found 1 plugins.
Preloading 0 native plugins for Editor in 0.00 ms.
Invoked RoslynAnalysisRunner static constructor.
RoslynAnalysisRunner will not be running.
RoslynAnalysisRunner has terminated.
Mono: successfully reloaded assembly
- Completed reload, in  1.659 seconds
Platform modules already initialized, skipping
Refreshing native plugins compatible for Editor in 0.53 ms, found 1 plugins.
Preloading 0 native plugins for Editor in 0.00 ms.
Unloading 1790 Unused Serialized files (Serialized files now loaded: 0)
System memory in use before: 86.1 MB.
System memory in use after: 86.1 MB.

Unloading 12 unused Assets to reduce memory usage. Loaded Objects now: 2370.
Total: 7.219900 ms (FindLiveObjects: 0.880500 ms CreateObjectMapping: 0.135700 ms MarkObjects: 5.657200 ms  DeleteObjects: 0.539400 ms)

========================================================================
Received Prepare
Registering precompiled user dll's ...
Registered in 0.002037 seconds.
Begin MonoManager ReloadAssembly
Native extension for LinuxStandalone target not found
Native extension for WindowsStandalone target not found
Native extension for OSXStandalone target not found
Refreshing native plugins compatible for Editor in 0.64 ms, found 1 plugins.
Preloading 0 native plugins for Editor in 0.00 ms.
Invoked RoslynAnalysisRunner static constructor.
RoslynAnalysisRunner will not be running.
RoslynAnalysisRunner has terminated.
Mono: successfully reloaded assembly
- Completed reload, in  2.020 seconds
Platform modules already initialized, skipping
Refreshing native plugins compatible for Editor in 0.66 ms, found 1 plugins.
Preloading 0 native plugins for Editor in 0.00 ms.
Unloading 1790 Unused Serialized files (Serialized files now loaded: 0)
System memory in use before: 86.2 MB.
System memory in use after: 86.2 MB.

Unloading 12 unused Assets to reduce memory usage. Loaded Objects now: 2373.
Total: 2.856000 ms (FindLiveObjects: 0.303900 ms CreateObjectMapping: 0.054000 ms MarkObjects: 2.319000 ms  DeleteObjects: 0.177200 ms)

========================================================================
Received Prepare
Registering precompiled user dll's ...
Registered in 0.003588 seconds.
Begin MonoManager ReloadAssembly
Native extension for LinuxStandalone target not found
Native extension for WindowsStandalone target not found
Native extension for OSXStandalone target not found
Refreshing native plugins compatible for Editor in 1.83 ms, found 1 plugins.
Preloading 0 native plugins for Editor in 0.00 ms.
Invoked RoslynAnalysisRunner static constructor.
RoslynAnalysisRunner will not be running.
RoslynAnalysisRunner has terminated.
Mono: successfully reloaded assembly
- Completed reload, in  2.245 seconds
Platform modules already initialized, skipping
Refreshing native plugins compatible for Editor in 1.22 ms, found 1 plugins.
Preloading 0 native plugins for Editor in 0.00 ms.
Unloading 1790 Unused Serialized files (Serialized files now loaded: 0)
System memory in use before: 86.3 MB.
System memory in use after: 86.3 MB.

Unloading 12 unused Assets to reduce memory usage. Loaded Objects now: 2376.
Total: 5.710400 ms (FindLiveObjects: 1.605500 ms CreateObjectMapping: 0.159700 ms MarkObjects: 3.627700 ms  DeleteObjects: 0.289300 ms)

========================================================================
Received Prepare
Registering precompiled user dll's ...
Registered in 0.002656 seconds.
Begin MonoManager ReloadAssembly
Native extension for LinuxStandalone target not found
Native extension for WindowsStandalone target not found
Native extension for OSXStandalone target not found
Refreshing native plugins compatible for Editor in 0.80 ms, found 1 plugins.
Preloading 0 native plugins for Editor in 0.00 ms.
Invoked RoslynAnalysisRunner static constructor.
RoslynAnalysisRunner will not be running.
RoslynAnalysisRunner has terminated.
Mono: successfully reloaded assembly
- Completed reload, in  2.081 seconds
Platform modules already initialized, skipping
Refreshing native plugins compatible for Editor in 0.46 ms, found 1 plugins.
Preloading 0 native plugins for Editor in 0.00 ms.
Unloading 1790 Unused Serialized files (Serialized files now loaded: 0)
System memory in use before: 86.4 MB.
System memory in use after: 86.4 MB.

Unloading 12 unused Assets to reduce memory usage. Loaded Objects now: 2379.
Total: 4.751000 ms (FindLiveObjects: 0.695900 ms CreateObjectMapping: 0.182800 ms MarkObjects: 3.708100 ms  DeleteObjects: 0.161200 ms)

AssetImportWorkerClient::OnTransportError - code=2 error=End of file
